<?xml version="1.0" encoding="UTF-8"?>
<testsuite
	xmlns:xsi="http://www.w3.org/2001/XMLSchema-instance"
	xsi:noNamespaceSchemaLocation="https://maven.apache.org/surefire/maven-surefire-plugin/xsd/surefire-test-report-3.0.xsd"
	version="3.0" name="TestSuite" time="4.066" tests="2" errors="0"
	skipped="0" failures="1">
	<properties>
		<property name="java.specification.version" value="21" />
		<property name="sun.jnu.encoding" value="UTF-8" />
		<property name="java.class.path"
			value="/Users/psakth136/Documents/Selenium/Amazon_Automation_CI/target/test-classes:/Users/psakth136/Documents/Selenium/Amazon_Automation_CI/target/classes:/Users/psakth136/.m2/repository/org/testng/testng/7.8.0/testng-7.8.0.jar:/Users/psakth136/.m2/repository/org/slf4j/slf4j-api/1.7.36/slf4j-api-1.7.36.jar:/Users/psakth136/.m2/repository/com/beust/jcommander/1.82/jcommander-1.82.jar:/Users/psakth136/.m2/repository/org/webjars/jquery/3.6.1/jquery-3.6.1.jar:/Users/psakth136/.m2/repository/org/seleniumhq/selenium/selenium-java/4.12.1/selenium-java-4.12.1.jar:/Users/psakth136/.m2/repository/org/seleniumhq/selenium/selenium-api/4.12.1/selenium-api-4.12.1.jar:/Users/psakth136/.m2/repository/org/seleniumhq/selenium/selenium-chrome-driver/4.12.1/selenium-chrome-driver-4.12.1.jar:/Users/psakth136/.m2/repository/com/google/auto/service/auto-service-annotations/1.1.1/auto-service-annotations-1.1.1.jar:/Users/psakth136/.m2/repository/com/google/guava/guava/32.1.2-jre/guava-32.1.2-jre.jar:/Users/psakth136/.m2/repository/com/google/guava/failureaccess/1.0.1/failureaccess-1.0.1.jar:/Users/psakth136/.m2/repository/com/google/guava/listenablefuture/9999.0-empty-to-avoid-conflict-with-guava/listenablefuture-9999.0-empty-to-avoid-conflict-with-guava.jar:/Users/psakth136/.m2/repository/org/checkerframework/checker-qual/3.33.0/checker-qual-3.33.0.jar:/Users/psakth136/.m2/repository/com/google/errorprone/error_prone_annotations/2.18.0/error_prone_annotations-2.18.0.jar:/Users/psakth136/.m2/repository/com/google/j2objc/j2objc-annotations/2.8/j2objc-annotations-2.8.jar:/Users/psakth136/.m2/repository/org/seleniumhq/selenium/selenium-chromium-driver/4.12.1/selenium-chromium-driver-4.12.1.jar:/Users/psakth136/.m2/repository/org/seleniumhq/selenium/selenium-json/4.12.1/selenium-json-4.12.1.jar:/Users/psakth136/.m2/repository/org/seleniumhq/selenium/selenium-manager/4.12.1/selenium-manager-4.12.1.jar:/Users/psakth136/.m2/repository/org/seleniumhq/selenium/selenium-devtools-v114/4.12.1/selenium-devtools-v114-4.12.1.jar:/Users/psakth136/.m2/repository/org/seleniumhq/selenium/selenium-devtools-v115/4.12.1/selenium-devtools-v115-4.12.1.jar:/Users/psakth136/.m2/repository/org/seleniumhq/selenium/selenium-devtools-v116/4.12.1/selenium-devtools-v116-4.12.1.jar:/Users/psakth136/.m2/repository/org/seleniumhq/selenium/selenium-devtools-v85/4.12.1/selenium-devtools-v85-4.12.1.jar:/Users/psakth136/.m2/repository/org/seleniumhq/selenium/selenium-edge-driver/4.12.1/selenium-edge-driver-4.12.1.jar:/Users/psakth136/.m2/repository/org/seleniumhq/selenium/selenium-firefox-driver/4.12.1/selenium-firefox-driver-4.12.1.jar:/Users/psakth136/.m2/repository/org/seleniumhq/selenium/selenium-http/4.12.1/selenium-http-4.12.1.jar:/Users/psakth136/.m2/repository/dev/failsafe/failsafe/3.3.2/failsafe-3.3.2.jar:/Users/psakth136/.m2/repository/org/seleniumhq/selenium/selenium-ie-driver/4.12.1/selenium-ie-driver-4.12.1.jar:/Users/psakth136/.m2/repository/org/seleniumhq/selenium/selenium-remote-driver/4.12.1/selenium-remote-driver-4.12.1.jar:/Users/psakth136/.m2/repository/io/netty/netty-buffer/4.1.96.Final/netty-buffer-4.1.96.Final.jar:/Users/psakth136/.m2/repository/io/netty/netty-codec-http/4.1.96.Final/netty-codec-http-4.1.96.Final.jar:/Users/psakth136/.m2/repository/io/netty/netty-common/4.1.96.Final/netty-common-4.1.96.Final.jar:/Users/psakth136/.m2/repository/io/netty/netty-transport-classes-epoll/4.1.96.Final/netty-transport-classes-epoll-4.1.96.Final.jar:/Users/psakth136/.m2/repository/io/netty/netty-transport-classes-kqueue/4.1.96.Final/netty-transport-classes-kqueue-4.1.96.Final.jar:/Users/psakth136/.m2/repository/io/netty/netty-transport-native-epoll/4.1.96.Final/netty-transport-native-epoll-4.1.96.Final.jar:/Users/psakth136/.m2/repository/io/netty/netty-transport-native-kqueue/4.1.96.Final/netty-transport-native-kqueue-4.1.96.Final.jar:/Users/psakth136/.m2/repository/io/netty/netty-transport-native-unix-common/4.1.96.Final/netty-transport-native-unix-common-4.1.96.Final.jar:/Users/psakth136/.m2/repository/io/netty/netty-transport/4.1.96.Final/netty-transport-4.1.96.Final.jar:/Users/psakth136/.m2/repository/io/opentelemetry/opentelemetry-api/1.28.0/opentelemetry-api-1.28.0.jar:/Users/psakth136/.m2/repository/io/opentelemetry/opentelemetry-context/1.28.0/opentelemetry-context-1.28.0.jar:/Users/psakth136/.m2/repository/io/opentelemetry/opentelemetry-exporter-logging/1.28.0/opentelemetry-exporter-logging-1.28.0.jar:/Users/psakth136/.m2/repository/io/opentelemetry/opentelemetry-sdk-metrics/1.28.0/opentelemetry-sdk-metrics-1.28.0.jar:/Users/psakth136/.m2/repository/io/opentelemetry/opentelemetry-extension-incubator/1.28.0-alpha/opentelemetry-extension-incubator-1.28.0-alpha.jar:/Users/psakth136/.m2/repository/io/opentelemetry/opentelemetry-sdk-logs/1.28.0/opentelemetry-sdk-logs-1.28.0.jar:/Users/psakth136/.m2/repository/io/opentelemetry/opentelemetry-sdk-common/1.28.0/opentelemetry-sdk-common-1.28.0.jar:/Users/psakth136/.m2/repository/io/opentelemetry/opentelemetry-sdk-extension-autoconfigure-spi/1.28.0/opentelemetry-sdk-extension-autoconfigure-spi-1.28.0.jar:/Users/psakth136/.m2/repository/io/opentelemetry/opentelemetry-sdk-extension-autoconfigure/1.28.0/opentelemetry-sdk-extension-autoconfigure-1.28.0.jar:/Users/psakth136/.m2/repository/io/opentelemetry/opentelemetry-api-events/1.28.0-alpha/opentelemetry-api-events-1.28.0-alpha.jar:/Users/psakth136/.m2/repository/io/opentelemetry/opentelemetry-sdk-trace/1.28.0/opentelemetry-sdk-trace-1.28.0.jar:/Users/psakth136/.m2/repository/io/opentelemetry/opentelemetry-sdk/1.28.0/opentelemetry-sdk-1.28.0.jar:/Users/psakth136/.m2/repository/io/opentelemetry/opentelemetry-semconv/1.28.0-alpha/opentelemetry-semconv-1.28.0-alpha.jar:/Users/psakth136/.m2/repository/net/bytebuddy/byte-buddy/1.14.5/byte-buddy-1.14.5.jar:/Users/psakth136/.m2/repository/org/asynchttpclient/async-http-client/2.12.3/async-http-client-2.12.3.jar:/Users/psakth136/.m2/repository/org/asynchttpclient/async-http-client-netty-utils/2.12.3/async-http-client-netty-utils-2.12.3.jar:/Users/psakth136/.m2/repository/io/netty/netty-codec-socks/4.1.60.Final/netty-codec-socks-4.1.60.Final.jar:/Users/psakth136/.m2/repository/io/netty/netty-handler-proxy/4.1.60.Final/netty-handler-proxy-4.1.60.Final.jar:/Users/psakth136/.m2/repository/io/netty/netty-transport-native-epoll/4.1.60.Final/netty-transport-native-epoll-4.1.60.Final-linux-x86_64.jar:/Users/psakth136/.m2/repository/io/netty/netty-transport-native-kqueue/4.1.60.Final/netty-transport-native-kqueue-4.1.60.Final-osx-x86_64.jar:/Users/psakth136/.m2/repository/com/typesafe/netty/netty-reactive-streams/2.0.4/netty-reactive-streams-2.0.4.jar:/Users/psakth136/.m2/repository/com/sun/activation/jakarta.activation/1.2.2/jakarta.activation-1.2.2.jar:/Users/psakth136/.m2/repository/org/seleniumhq/selenium/selenium-os/4.12.1/selenium-os-4.12.1.jar:/Users/psakth136/.m2/repository/org/apache/commons/commons-exec/1.3/commons-exec-1.3.jar:/Users/psakth136/.m2/repository/org/seleniumhq/selenium/selenium-safari-driver/4.12.1/selenium-safari-driver-4.12.1.jar:/Users/psakth136/.m2/repository/org/seleniumhq/selenium/selenium-support/4.12.1/selenium-support-4.12.1.jar:/Users/psakth136/.m2/repository/io/github/bonigarcia/webdrivermanager/5.5.3/webdrivermanager-5.5.3.jar:/Users/psakth136/.m2/repository/com/google/code/gson/gson/2.10.1/gson-2.10.1.jar:/Users/psakth136/.m2/repository/com/github/docker-java/docker-java/3.3.3/docker-java-3.3.3.jar:/Users/psakth136/.m2/repository/com/github/docker-java/docker-java-core/3.3.3/docker-java-core-3.3.3.jar:/Users/psakth136/.m2/repository/com/github/docker-java/docker-java-api/3.3.3/docker-java-api-3.3.3.jar:/Users/psakth136/.m2/repository/org/bouncycastle/bcpkix-jdk18on/1.75/bcpkix-jdk18on-1.75.jar:/Users/psakth136/.m2/repository/org/bouncycastle/bcprov-jdk18on/1.75/bcprov-jdk18on-1.75.jar:/Users/psakth136/.m2/repository/org/bouncycastle/bcutil-jdk18on/1.75/bcutil-jdk18on-1.75.jar:/Users/psakth136/.m2/repository/org/slf4j/jcl-over-slf4j/1.7.30/jcl-over-slf4j-1.7.30.jar:/Users/psakth136/.m2/repository/com/github/docker-java/docker-java-transport-httpclient5/3.3.3/docker-java-transport-httpclient5-3.3.3.jar:/Users/psakth136/.m2/repository/com/github/docker-java/docker-java-transport/3.3.3/docker-java-transport-3.3.3.jar:/Users/psakth136/.m2/repository/net/java/dev/jna/jna/5.12.1/jna-5.12.1.jar:/Users/psakth136/.m2/repository/org/brotli/dec/0.1.2/dec-0.1.2.jar:/Users/psakth136/.m2/repository/org/apache/commons/commons-lang3/3.13.0/commons-lang3-3.13.0.jar:/Users/psakth136/.m2/repository/org/apache/httpcomponents/client5/httpclient5/5.2.1/httpclient5-5.2.1.jar:/Users/psakth136/.m2/repository/org/apache/httpcomponents/core5/httpcore5/5.2/httpcore5-5.2.jar:/Users/psakth136/.m2/repository/org/apache/httpcomponents/core5/httpcore5-h2/5.2/httpcore5-h2-5.2.jar:/Users/psakth136/.m2/repository/org/apache/logging/log4j/log4j-api/2.17.2/log4j-api-2.17.2.jar:/Users/psakth136/.m2/repository/org/apache/logging/log4j/log4j-core/2.17.2/log4j-core-2.17.2.jar:/Users/psakth136/.m2/repository/org/apache/logging/log4j/log4j-slf4j-impl/2.17.2/log4j-slf4j-impl-2.17.2.jar:/Users/psakth136/.m2/repository/com/opencsv/opencsv/5.5.2/opencsv-5.5.2.jar:/Users/psakth136/.m2/repository/org/apache/commons/commons-text/1.9/commons-text-1.9.jar:/Users/psakth136/.m2/repository/commons-beanutils/commons-beanutils/1.9.4/commons-beanutils-1.9.4.jar:/Users/psakth136/.m2/repository/commons-collections/commons-collections/3.2.2/commons-collections-3.2.2.jar:/Users/psakth136/.m2/repository/org/apache/commons/commons-collections4/4.4/commons-collections4-4.4.jar:/Users/psakth136/.m2/repository/com/fasterxml/jackson/dataformat/jackson-dataformat-csv/2.7.0/jackson-dataformat-csv-2.7.0.jar:/Users/psakth136/.m2/repository/com/fasterxml/jackson/core/jackson-core/2.7.0/jackson-core-2.7.0.jar:/Users/psakth136/.m2/repository/com/fasterxml/jackson/core/jackson-databind/2.7.0/jackson-databind-2.7.0.jar:/Users/psakth136/.m2/repository/com/fasterxml/jackson/core/jackson-annotations/2.7.0/jackson-annotations-2.7.0.jar:/Users/psakth136/.m2/repository/com/aventstack/extentreports/5.0.5/extentreports-5.0.5.jar:/Users/psakth136/.m2/repository/io/reactivex/rxjava3/rxjava/3.0.4/rxjava-3.0.4.jar:/Users/psakth136/.m2/repository/org/reactivestreams/reactive-streams/1.0.3/reactive-streams-1.0.3.jar:/Users/psakth136/.m2/repository/org/freemarker/freemarker/2.3.30/freemarker-2.3.30.jar:/Users/psakth136/.m2/repository/org/projectlombok/lombok/1.18.24/lombok-1.18.24.jar:/Users/psakth136/.m2/repository/javax/activation/activation/1.1.1/activation-1.1.1.jar:/Users/psakth136/.m2/repository/org/apache/poi/poi/5.2.2/poi-5.2.2.jar:/Users/psakth136/.m2/repository/commons-codec/commons-codec/1.15/commons-codec-1.15.jar:/Users/psakth136/.m2/repository/org/apache/commons/commons-math3/3.6.1/commons-math3-3.6.1.jar:/Users/psakth136/.m2/repository/commons-io/commons-io/2.11.0/commons-io-2.11.0.jar:/Users/psakth136/.m2/repository/com/zaxxer/SparseBitSet/1.2/SparseBitSet-1.2.jar:/Users/psakth136/.m2/repository/org/apache/poi/poi-ooxml/5.2.2/poi-ooxml-5.2.2.jar:/Users/psakth136/.m2/repository/org/apache/poi/poi-ooxml-lite/5.2.2/poi-ooxml-lite-5.2.2.jar:/Users/psakth136/.m2/repository/org/apache/xmlbeans/xmlbeans/5.0.3/xmlbeans-5.0.3.jar:/Users/psakth136/.m2/repository/org/apache/commons/commons-compress/1.21/commons-compress-1.21.jar:/Users/psakth136/.m2/repository/com/github/virtuald/curvesapi/1.07/curvesapi-1.07.jar:/Users/psakth136/.m2/repository/net/sf/supercsv/super-csv/2.0.1/super-csv-2.0.1.jar:/Users/psakth136/.m2/repository/com/sun/mail/javax.mail/1.6.2/javax.mail-1.6.2.jar:/Users/psakth136/.m2/repository/io/rest-assured/rest-assured/4.3.0/rest-assured-4.3.0.jar:/Users/psakth136/.m2/repository/org/codehaus/groovy/groovy/3.0.2/groovy-3.0.2.jar:/Users/psakth136/.m2/repository/org/codehaus/groovy/groovy-xml/3.0.2/groovy-xml-3.0.2.jar:/Users/psakth136/.m2/repository/org/apache/httpcomponents/httpclient/4.5.3/httpclient-4.5.3.jar:/Users/psakth136/.m2/repository/org/apache/httpcomponents/httpcore/4.4.6/httpcore-4.4.6.jar:/Users/psakth136/.m2/repository/org/apache/httpcomponents/httpmime/4.5.3/httpmime-4.5.3.jar:/Users/psakth136/.m2/repository/org/hamcrest/hamcrest/2.1/hamcrest-2.1.jar:/Users/psakth136/.m2/repository/org/ccil/cowan/tagsoup/tagsoup/1.2.1/tagsoup-1.2.1.jar:/Users/psakth136/.m2/repository/io/rest-assured/json-path/4.3.0/json-path-4.3.0.jar:/Users/psakth136/.m2/repository/org/codehaus/groovy/groovy-json/3.0.2/groovy-json-3.0.2.jar:/Users/psakth136/.m2/repository/io/rest-assured/rest-assured-common/4.3.0/rest-assured-common-4.3.0.jar:/Users/psakth136/.m2/repository/io/rest-assured/xml-path/4.3.0/xml-path-4.3.0.jar:/Users/psakth136/.m2/repository/jakarta/xml/bind/jakarta.xml.bind-api/2.3.2/jakarta.xml.bind-api-2.3.2.jar:/Users/psakth136/.m2/repository/jakarta/activation/jakarta.activation-api/1.2.1/jakarta.activation-api-1.2.1.jar:/Users/psakth136/.m2/repository/com/sun/xml/bind/jaxb-osgi/2.3.0.1/jaxb-osgi-2.3.0.1.jar:/Users/psakth136/.m2/repository/org/apache/sling/org.apache.sling.javax.activation/0.1.0/org.apache.sling.javax.activation-0.1.0.jar:/Users/psakth136/.m2/repository/io/rest-assured/json-schema-validator/4.3.0/json-schema-validator-4.3.0.jar:/Users/psakth136/.m2/repository/com/github/java-json-tools/json-schema-validator/2.2.10/json-schema-validator-2.2.10.jar:/Users/psakth136/.m2/repository/com/github/java-json-tools/json-schema-core/1.2.10/json-schema-core-1.2.10.jar:/Users/psakth136/.m2/repository/com/github/java-json-tools/jackson-coreutils/1.9/jackson-coreutils-1.9.jar:/Users/psakth136/.m2/repository/com/github/fge/msg-simple/1.1/msg-simple-1.1.jar:/Users/psakth136/.m2/repository/com/github/fge/btf/1.2/btf-1.2.jar:/Users/psakth136/.m2/repository/com/github/fge/uri-template/0.9/uri-template-0.9.jar:/Users/psakth136/.m2/repository/org/mozilla/rhino/1.7.7.1/rhino-1.7.7.1.jar:/Users/psakth136/.m2/repository/javax/mail/mailapi/1.4.3/mailapi-1.4.3.jar:/Users/psakth136/.m2/repository/com/googlecode/libphonenumber/libphonenumber/8.0.0/libphonenumber-8.0.0.jar:/Users/psakth136/.m2/repository/com/google/code/findbugs/jsr305/3.0.1/jsr305-3.0.1.jar:/Users/psakth136/.m2/repository/net/sf/jopt-simple/jopt-simple/5.0.3/jopt-simple-5.0.3.jar:/Users/psakth136/.m2/repository/com/googlecode/json-simple/json-simple/1.1.1/json-simple-1.1.1.jar:/Users/psakth136/.m2/repository/junit/junit/4.10/junit-4.10.jar:/Users/psakth136/.m2/repository/org/hamcrest/hamcrest-core/1.1/hamcrest-core-1.1.jar:/Users/psakth136/.m2/repository/org/skyscreamer/jsonassert/1.5.0/jsonassert-1.5.0.jar:/Users/psakth136/.m2/repository/com/vaadin/external/google/android-json/0.0.20131108.vaadin1/android-json-0.0.20131108.vaadin1.jar:/Users/psakth136/.m2/repository/org/eclipse/jgit/org.eclipse.jgit/3.5.0.201409260305-r/org.eclipse.jgit-3.5.0.201409260305-r.jar:/Users/psakth136/.m2/repository/com/jcraft/jsch/0.1.50/jsch-0.1.50.jar:/Users/psakth136/.m2/repository/com/googlecode/javaewah/JavaEWAH/0.7.9/JavaEWAH-0.7.9.jar:/Users/psakth136/.m2/repository/log4j/log4j/1.2.17/log4j-1.2.17.jar:/Users/psakth136/.m2/repository/com/amazonaws/aws-java-sdk/1.12.576/aws-java-sdk-1.12.576.jar:/Users/psakth136/.m2/repository/com/amazonaws/aws-java-sdk-datazoneexternal/1.12.576/aws-java-sdk-datazoneexternal-1.12.576.jar:/Users/psakth136/.m2/repository/com/amazonaws/jmespath-java/1.12.1/jmespath-java-1.12.1.jar:/Users/psakth136/.m2/repository/com/amazonaws/aws-java-sdk-bedrock/1.12.576/aws-java-sdk-bedrock-1.12.576.jar:/Users/psakth136/.m2/repository/com/amazonaws/aws-java-sdk-bedrockruntime/1.12.576/aws-java-sdk-bedrockruntime-1.12.576.jar:/Users/psakth136/.m2/repository/com/amazonaws/aws-java-sdk-neptunedata/1.12.576/aws-java-sdk-neptunedata-1.12.576.jar:/Users/psakth136/.m2/repository/com/amazonaws/aws-java-sdk-pcaconnectorad/1.12.576/aws-java-sdk-pcaconnectorad-1.12.576.jar:/Users/psakth136/.m2/repository/com/amazonaws/aws-java-sdk-managedblockchainquery/1.12.576/aws-java-sdk-managedblockchainquery-1.12.576.jar:/Users/psakth136/.m2/repository/com/amazonaws/aws-java-sdk-entityresolution/1.12.576/aws-java-sdk-entityresolution-1.12.576.jar:/Users/psakth136/.m2/repository/com/amazonaws/aws-java-sdk-medicalimaging/1.12.576/aws-java-sdk-medicalimaging-1.12.576.jar:/Users/psakth136/.m2/repository/com/amazonaws/aws-java-sdk-appfabric/1.12.576/aws-java-sdk-appfabric-1.12.576.jar:/Users/psakth136/.m2/repository/com/amazonaws/aws-java-sdk-verifiedpermissions/1.12.576/aws-java-sdk-verifiedpermissions-1.12.576.jar:/Users/psakth136/.m2/repository/com/amazonaws/aws-java-sdk-codegurusecurity/1.12.576/aws-java-sdk-codegurusecurity-1.12.576.jar:/Users/psakth136/.m2/repository/com/amazonaws/aws-java-sdk-paymentcryptography/1.12.576/aws-java-sdk-paymentcryptography-1.12.576.jar:/Users/psakth136/.m2/repository/com/amazonaws/aws-java-sdk-paymentcryptographydata/1.12.576/aws-java-sdk-paymentcryptographydata-1.12.576.jar:/Users/psakth136/.m2/repository/com/amazonaws/aws-java-sdk-mediapackagev2/1.12.576/aws-java-sdk-mediapackagev2-1.12.576.jar:/Users/psakth136/.m2/repository/com/amazonaws/aws-java-sdk-osis/1.12.576/aws-java-sdk-osis-1.12.576.jar:/Users/psakth136/.m2/repository/com/amazonaws/aws-java-sdk-vpclattice/1.12.576/aws-java-sdk-vpclattice-1.12.576.jar:/Users/psakth136/.m2/repository/com/amazonaws/aws-java-sdk-ivsrealtime/1.12.576/aws-java-sdk-ivsrealtime-1.12.576.jar:/Users/psakth136/.m2/repository/com/amazonaws/aws-java-sdk-internetmonitor/1.12.576/aws-java-sdk-internetmonitor-1.12.576.jar:/Users/psakth136/.m2/repository/com/amazonaws/aws-java-sdk-tnb/1.12.576/aws-java-sdk-tnb-1.12.576.jar:/Users/psakth136/.m2/repository/com/amazonaws/aws-java-sdk-cloudtraildata/1.12.576/aws-java-sdk-cloudtraildata-1.12.576.jar:/Users/psakth136/.m2/repository/com/amazonaws/aws-java-sdk-cleanrooms/1.12.576/aws-java-sdk-cleanrooms-1.12.576.jar:/Users/psakth136/.m2/repository/com/amazonaws/aws-java-sdk-kendraranking/1.12.576/aws-java-sdk-kendraranking-1.12.576.jar:/Users/psakth136/.m2/repository/com/amazonaws/aws-java-sdk-licensemanagerlinuxsubscriptions/1.12.576/aws-java-sdk-licensemanagerlinuxsubscriptions-1.12.576.jar:/Users/psakth136/.m2/repository/com/amazonaws/aws-java-sdk-kinesisvideowebrtcstorage/1.12.576/aws-java-sdk-kinesisvideowebrtcstorage-1.12.576.jar:/Users/psakth136/.m2/repository/com/amazonaws/aws-java-sdk-sagemakermetrics/1.12.576/aws-java-sdk-sagemakermetrics-1.12.576.jar:/Users/psakth136/.m2/repository/com/amazonaws/aws-java-sdk-pipes/1.12.576/aws-java-sdk-pipes-1.12.576.jar:/Users/psakth136/.m2/repository/com/amazonaws/aws-java-sdk-sagemakergeospatial/1.12.576/aws-java-sdk-sagemakergeospatial-1.12.576.jar:/Users/psakth136/.m2/repository/com/amazonaws/aws-java-sdk-docdbelastic/1.12.576/aws-java-sdk-docdbelastic-1.12.576.jar:/Users/psakth136/.m2/repository/com/amazonaws/aws-java-sdk-omics/1.12.576/aws-java-sdk-omics-1.12.576.jar:/Users/psakth136/.m2/repository/com/amazonaws/aws-java-sdk-opensearchserverless/1.12.576/aws-java-sdk-opensearchserverless-1.12.576.jar:/Users/psakth136/.m2/repository/com/amazonaws/aws-java-sdk-securitylake/1.12.576/aws-java-sdk-securitylake-1.12.576.jar:/Users/psakth136/.m2/repository/com/amazonaws/aws-java-sdk-simspaceweaver/1.12.576/aws-java-sdk-simspaceweaver-1.12.576.jar:/Users/psakth136/.m2/repository/com/amazonaws/aws-java-sdk-arczonalshift/1.12.576/aws-java-sdk-arczonalshift-1.12.576.jar:/Users/psakth136/.m2/repository/com/amazonaws/aws-java-sdk-oam/1.12.576/aws-java-sdk-oam-1.12.576.jar:/Users/psakth136/.m2/repository/com/amazonaws/aws-java-sdk-iotroborunner/1.12.576/aws-java-sdk-iotroborunner-1.12.576.jar:/Users/psakth136/.m2/repository/com/amazonaws/aws-java-sdk-chimesdkvoice/1.12.576/aws-java-sdk-chimesdkvoice-1.12.576.jar:/Users/psakth136/.m2/repository/com/amazonaws/aws-java-sdk-ssmsap/1.12.576/aws-java-sdk-ssmsap-1.12.576.jar:/Users/psakth136/.m2/repository/com/amazonaws/aws-java-sdk-scheduler/1.12.576/aws-java-sdk-scheduler-1.12.576.jar:/Users/psakth136/.m2/repository/com/amazonaws/aws-java-sdk-resourceexplorer2/1.12.576/aws-java-sdk-resourceexplorer2-1.12.576.jar:/Users/psakth136/.m2/repository/com/amazonaws/aws-java-sdk-connectcases/1.12.576/aws-java-sdk-connectcases-1.12.576.jar:/Users/psakth136/.m2/repository/com/amazonaws/aws-java-sdk-migrationhuborchestrator/1.12.576/aws-java-sdk-migrationhuborchestrator-1.12.576.jar:/Users/psakth136/.m2/repository/com/amazonaws/aws-java-sdk-iotfleetwise/1.12.576/aws-java-sdk-iotfleetwise-1.12.576.jar:/Users/psakth136/.m2/repository/com/amazonaws/aws-java-sdk-controltower/1.12.576/aws-java-sdk-controltower-1.12.576.jar:/Users/psakth136/.m2/repository/com/amazonaws/aws-java-sdk-supportapp/1.12.576/aws-java-sdk-supportapp-1.12.576.jar:/Users/psakth136/.m2/repository/com/amazonaws/aws-java-sdk-private5g/1.12.576/aws-java-sdk-private5g-1.12.576.jar:/Users/psakth136/.m2/repository/com/amazonaws/aws-java-sdk-backupstorage/1.12.576/aws-java-sdk-backupstorage-1.12.576.jar:/Users/psakth136/.m2/repository/com/amazonaws/aws-java-sdk-licensemanagerusersubscriptions/1.12.576/aws-java-sdk-licensemanagerusersubscriptions-1.12.576.jar:/Users/psakth136/.m2/repository/com/amazonaws/aws-java-sdk-iamrolesanywhere/1.12.576/aws-java-sdk-iamrolesanywhere-1.12.576.jar:/Users/psakth136/.m2/repository/com/amazonaws/aws-java-sdk-redshiftserverless/1.12.576/aws-java-sdk-redshiftserverless-1.12.576.jar:/Users/psakth136/.m2/repository/com/amazonaws/aws-java-sdk-connectcampaign/1.12.576/aws-java-sdk-connectcampaign-1.12.576.jar:/Users/psakth136/.m2/repository/com/amazonaws/aws-java-sdk-mainframemodernization/1.12.576/aws-java-sdk-mainframemodernization-1.12.576.jar:/Users/psakth136/.m2/repository/com/amazonaws/aws-java-sdk-emrserverless/1.12.576/aws-java-sdk-emrserverless-1.12.576.jar:/Users/psakth136/.m2/repository/com/amazonaws/aws-java-sdk-chimesdkmediapipelines/1.12.576/aws-java-sdk-chimesdkmediapipelines-1.12.576.jar:/Users/psakth136/.m2/repository/com/amazonaws/aws-java-sdk-ivschat/1.12.576/aws-java-sdk-ivschat-1.12.576.jar:/Users/psakth136/.m2/repository/com/amazonaws/aws-java-sdk-pinpointsmsvoicev2/1.12.576/aws-java-sdk-pinpointsmsvoicev2-1.12.576.jar:/Users/psakth136/.m2/repository/com/amazonaws/aws-java-sdk-billingconductor/1.12.576/aws-java-sdk-billingconductor-1.12.576.jar:/Users/psakth136/.m2/repository/com/amazonaws/aws-java-sdk-keyspaces/1.12.576/aws-java-sdk-keyspaces-1.12.576.jar:/Users/psakth136/.m2/repository/com/amazonaws/aws-java-sdk-amplifyuibuilder/1.12.576/aws-java-sdk-amplifyuibuilder-1.12.576.jar:/Users/psakth136/.m2/repository/com/amazonaws/aws-java-sdk-backupgateway/1.12.576/aws-java-sdk-backupgateway-1.12.576.jar:/Users/psakth136/.m2/repository/com/amazonaws/aws-java-sdk-workspacesweb/1.12.576/aws-java-sdk-workspacesweb-1.12.576.jar:/Users/psakth136/.m2/repository/com/amazonaws/aws-java-sdk-iottwinmaker/1.12.576/aws-java-sdk-iottwinmaker-1.12.576.jar:/Users/psakth136/.m2/repository/com/amazonaws/aws-java-sdk-recyclebin/1.12.576/aws-java-sdk-recyclebin-1.12.576.jar:/Users/psakth136/.m2/repository/com/amazonaws/aws-java-sdk-cloudwatchrum/1.12.576/aws-java-sdk-cloudwatchrum-1.12.576.jar:/Users/psakth136/.m2/repository/com/amazonaws/aws-java-sdk-cloudwatchevidently/1.12.576/aws-java-sdk-cloudwatchevidently-1.12.576.jar:/Users/psakth136/.m2/repository/com/amazonaws/aws-java-sdk-inspector2/1.12.576/aws-java-sdk-inspector2-1.12.576.jar:/Users/psakth136/.m2/repository/com/amazonaws/aws-java-sdk-migrationhubrefactorspaces/1.12.576/aws-java-sdk-migrationhubrefactorspaces-1.12.576.jar:/Users/psakth136/.m2/repository/com/amazonaws/aws-java-sdk-appconfigdata/1.12.576/aws-java-sdk-appconfigdata-1.12.576.jar:/Users/psakth136/.m2/repository/com/amazonaws/aws-java-sdk-drs/1.12.576/aws-java-sdk-drs-1.12.576.jar:/Users/psakth136/.m2/repository/com/amazonaws/aws-java-sdk-migrationhubstrategyrecommendations/1.12.576/aws-java-sdk-migrationhubstrategyrecommendations-1.12.576.jar:/Users/psakth136/.m2/repository/com/amazonaws/aws-java-sdk-resiliencehub/1.12.576/aws-java-sdk-resiliencehub-1.12.576.jar:/Users/psakth136/.m2/repository/com/amazonaws/aws-java-sdk-chimesdkmeetings/1.12.576/aws-java-sdk-chimesdkmeetings-1.12.576.jar:/Users/psakth136/.m2/repository/com/amazonaws/aws-java-sdk-panorama/1.12.576/aws-java-sdk-panorama-1.12.576.jar:/Users/psakth136/.m2/repository/com/amazonaws/aws-java-sdk-managedgrafana/1.12.576/aws-java-sdk-managedgrafana-1.12.576.jar:/Users/psakth136/.m2/repository/com/amazonaws/aws-java-sdk-cloudcontrolapi/1.12.576/aws-java-sdk-cloudcontrolapi-1.12.576.jar:/Users/psakth136/.m2/repository/com/amazonaws/aws-java-sdk-account/1.12.576/aws-java-sdk-account-1.12.576.jar:/Users/psakth136/.m2/repository/com/amazonaws/aws-java-sdk-voiceid/1.12.576/aws-java-sdk-voiceid-1.12.576.jar:/Users/psakth136/.m2/repository/com/amazonaws/aws-java-sdk-connectwisdom/1.12.576/aws-java-sdk-connectwisdom-1.12.576.jar:/Users/psakth136/.m2/repository/com/amazonaws/aws-java-sdk-kafkaconnect/1.12.576/aws-java-sdk-kafkaconnect-1.12.576.jar:/Users/psakth136/.m2/repository/com/amazonaws/aws-java-sdk-opensearch/1.12.576/aws-java-sdk-opensearch-1.12.576.jar:/Users/psakth136/.m2/repository/com/amazonaws/aws-java-sdk-memorydb/1.12.576/aws-java-sdk-memorydb-1.12.576.jar:/Users/psakth136/.m2/repository/com/amazonaws/aws-java-sdk-snowdevicemanagement/1.12.576/aws-java-sdk-snowdevicemanagement-1.12.576.jar:/Users/psakth136/.m2/repository/com/amazonaws/aws-java-sdk-chimesdkidentity/1.12.576/aws-java-sdk-chimesdkidentity-1.12.576.jar:/Users/psakth136/.m2/repository/com/amazonaws/aws-java-sdk-chimesdkmessaging/1.12.576/aws-java-sdk-chimesdkmessaging-1.12.576.jar:/Users/psakth136/.m2/repository/com/amazonaws/aws-java-sdk-route53recoverycluster/1.12.576/aws-java-sdk-route53recoverycluster-1.12.576.jar:/Users/psakth136/.m2/repository/com/amazonaws/aws-java-sdk-route53recoverycontrolconfig/1.12.576/aws-java-sdk-route53recoverycontrolconfig-1.12.576.jar:/Users/psakth136/.m2/repository/com/amazonaws/aws-java-sdk-route53recoveryreadiness/1.12.576/aws-java-sdk-route53recoveryreadiness-1.12.576.jar:/Users/psakth136/.m2/repository/com/amazonaws/aws-java-sdk-proton/1.12.576/aws-java-sdk-proton-1.12.576.jar:/Users/psakth136/.m2/repository/com/amazonaws/aws-java-sdk-apprunner/1.12.1/aws-java-sdk-apprunner-1.12.1.jar:/Users/psakth136/.m2/repository/com/amazonaws/aws-java-sdk-applicationcostprofiler/1.12.1/aws-java-sdk-applicationcostprofiler-1.12.1.jar:/Users/psakth136/.m2/repository/com/amazonaws/aws-java-sdk-ssmcontacts/1.12.1/aws-java-sdk-ssmcontacts-1.12.1.jar:/Users/psakth136/.m2/repository/com/amazonaws/aws-java-sdk-ssmincidents/1.12.1/aws-java-sdk-ssmincidents-1.12.1.jar:/Users/psakth136/.m2/repository/com/amazonaws/aws-java-sdk-finspacedata/1.12.1/aws-java-sdk-finspacedata-1.12.1.jar:/Users/psakth136/.m2/repository/com/amazonaws/aws-java-sdk-finspace/1.12.1/aws-java-sdk-finspace-1.12.1.jar:/Users/psakth136/.m2/repository/com/amazonaws/aws-java-sdk-nimblestudio/1.12.1/aws-java-sdk-nimblestudio-1.12.1.jar:/Users/psakth136/.m2/repository/com/amazonaws/aws-java-sdk-lookoutequipment/1.12.1/aws-java-sdk-lookoutequipment-1.12.1.jar:/Users/psakth136/.m2/repository/com/amazonaws/aws-java-sdk-mgn/1.12.1/aws-java-sdk-mgn-1.12.1.jar:/Users/psakth136/.m2/repository/com/amazonaws/aws-java-sdk-lookoutmetrics/1.12.1/aws-java-sdk-lookoutmetrics-1.12.1.jar:/Users/psakth136/.m2/repository/com/amazonaws/aws-java-sdk-fis/1.12.1/aws-java-sdk-fis-1.12.1.jar:/Users/psakth136/.m2/repository/com/amazonaws/aws-java-sdk-lexmodelsv2/1.12.1/aws-java-sdk-lexmodelsv2-1.12.1.jar:/Users/psakth136/.m2/repository/com/amazonaws/aws-java-sdk-lexruntimev2/1.12.1/aws-java-sdk-lexruntimev2-1.12.1.jar:/Users/psakth136/.m2/repository/com/amazonaws/aws-java-sdk-wellarchitected/1.12.1/aws-java-sdk-wellarchitected-1.12.1.jar:/Users/psakth136/.m2/repository/com/amazonaws/aws-java-sdk-location/1.12.1/aws-java-sdk-location-1.12.1.jar:/Users/psakth136/.m2/repository/com/amazonaws/aws-java-sdk-iotdeviceadvisor/1.12.1/aws-java-sdk-iotdeviceadvisor-1.12.1.jar:/Users/psakth136/.m2/repository/com/amazonaws/aws-java-sdk-iotfleethub/1.12.1/aws-java-sdk-iotfleethub-1.12.1.jar:/Users/psakth136/.m2/repository/com/amazonaws/aws-java-sdk-iotwireless/1.12.1/aws-java-sdk-iotwireless-1.12.1.jar:/Users/psakth136/.m2/repository/com/amazonaws/aws-java-sdk-greengrassv2/1.12.1/aws-java-sdk-greengrassv2-1.12.1.jar:/Users/psakth136/.m2/repository/com/amazonaws/aws-java-sdk-prometheus/1.12.1/aws-java-sdk-prometheus-1.12.1.jar:/Users/psakth136/.m2/repository/com/amazonaws/aws-java-sdk-auditmanager/1.12.1/aws-java-sdk-auditmanager-1.12.1.jar:/Users/psakth136/.m2/repository/com/amazonaws/aws-java-sdk-healthlake/1.12.1/aws-java-sdk-healthlake-1.12.1.jar:/Users/psakth136/.m2/repository/com/amazonaws/aws-java-sdk-sagemakeredgemanager/1.12.1/aws-java-sdk-sagemakeredgemanager-1.12.1.jar:/Users/psakth136/.m2/repository/com/amazonaws/aws-java-sdk-emrcontainers/1.12.1/aws-java-sdk-emrcontainers-1.12.1.jar:/Users/psakth136/.m2/repository/com/amazonaws/aws-java-sdk-customerprofiles/1.12.1/aws-java-sdk-customerprofiles-1.12.1.jar:/Users/psakth136/.m2/repository/com/amazonaws/aws-java-sdk-lookoutforvision/1.12.1/aws-java-sdk-lookoutforvision-1.12.1.jar:/Users/psakth136/.m2/repository/com/amazonaws/aws-java-sdk-connectcontactlens/1.12.1/aws-java-sdk-connectcontactlens-1.12.1.jar:/Users/psakth136/.m2/repository/com/amazonaws/aws-java-sdk-amplifybackend/1.12.1/aws-java-sdk-amplifybackend-1.12.1.jar:/Users/psakth136/.m2/repository/com/amazonaws/aws-java-sdk-ecrpublic/1.12.1/aws-java-sdk-ecrpublic-1.12.1.jar:/Users/psakth136/.m2/repository/com/amazonaws/aws-java-sdk-appintegrations/1.12.1/aws-java-sdk-appintegrations-1.12.1.jar:/Users/psakth136/.m2/repository/com/amazonaws/aws-java-sdk-sagemakerfeaturestoreruntime/1.12.1/aws-java-sdk-sagemakerfeaturestoreruntime-1.12.1.jar:/Users/psakth136/.m2/repository/com/amazonaws/aws-java-sdk-devopsguru/1.12.1/aws-java-sdk-devopsguru-1.12.1.jar:/Users/psakth136/.m2/repository/com/amazonaws/aws-java-sdk-mwaa/1.12.1/aws-java-sdk-mwaa-1.12.1.jar:/Users/psakth136/.m2/repository/com/amazonaws/aws-java-sdk-networkfirewall/1.12.1/aws-java-sdk-networkfirewall-1.12.1.jar:/Users/psakth136/.m2/repository/com/amazonaws/aws-java-sdk-appregistry/1.12.1/aws-java-sdk-appregistry-1.12.1.jar:/Users/psakth136/.m2/repository/com/amazonaws/aws-java-sdk-gluedatabrew/1.12.1/aws-java-sdk-gluedatabrew-1.12.1.jar:/Users/psakth136/.m2/repository/com/amazonaws/aws-java-sdk-s3outposts/1.12.1/aws-java-sdk-s3outposts-1.12.1.jar:/Users/psakth136/.m2/repository/com/amazonaws/aws-java-sdk-timestreamquery/1.12.1/aws-java-sdk-timestreamquery-1.12.1.jar:/Users/psakth136/.m2/repository/com/amazonaws/aws-java-sdk-timestreamwrite/1.12.1/aws-java-sdk-timestreamwrite-1.12.1.jar:/Users/psakth136/.m2/repository/com/amazonaws/aws-java-sdk-ssoadmin/1.12.1/aws-java-sdk-ssoadmin-1.12.1.jar:/Users/psakth136/.m2/repository/com/amazonaws/aws-java-sdk-redshiftdataapi/1.12.1/aws-java-sdk-redshiftdataapi-1.12.1.jar:/Users/psakth136/.m2/repository/com/amazonaws/aws-java-sdk-appflow/1.12.1/aws-java-sdk-appflow-1.12.1.jar:/Users/psakth136/.m2/repository/com/amazonaws/aws-java-sdk-identitystore/1.12.1/aws-java-sdk-identitystore-1.12.1.jar:/Users/psakth136/.m2/repository/com/amazonaws/aws-java-sdk-braket/1.12.1/aws-java-sdk-braket-1.12.1.jar:/Users/psakth136/.m2/repository/com/amazonaws/aws-java-sdk-ivs/1.12.1/aws-java-sdk-ivs-1.12.1.jar:/Users/psakth136/.m2/repository/com/amazonaws/aws-java-sdk-honeycode/1.12.1/aws-java-sdk-honeycode-1.12.1.jar:/Users/psakth136/.m2/repository/com/amazonaws/aws-java-sdk-codeartifact/1.12.1/aws-java-sdk-codeartifact-1.12.1.jar:/Users/psakth136/.m2/repository/com/amazonaws/aws-java-sdk-macie2/1.12.1/aws-java-sdk-macie2-1.12.1.jar:/Users/psakth136/.m2/repository/com/amazonaws/aws-java-sdk-iotsitewise/1.12.1/aws-java-sdk-iotsitewise-1.12.1.jar:/Users/psakth136/.m2/repository/com/amazonaws/aws-java-sdk-synthetics/1.12.1/aws-java-sdk-synthetics-1.12.1.jar:/Users/psakth136/.m2/repository/com/amazonaws/aws-java-sdk-codestarconnections/1.12.1/aws-java-sdk-codestarconnections-1.12.1.jar:/Users/psakth136/.m2/repository/com/amazonaws/aws-java-sdk-detective/1.12.1/aws-java-sdk-detective-1.12.1.jar:/Users/psakth136/.m2/repository/com/amazonaws/aws-java-sdk-kinesisvideosignalingchannels/1.12.1/aws-java-sdk-kinesisvideosignalingchannels-1.12.1.jar:/Users/psakth136/.m2/repository/com/amazonaws/aws-java-sdk-ebs/1.12.1/aws-java-sdk-ebs-1.12.1.jar:/Users/psakth136/.m2/repository/com/amazonaws/aws-java-sdk-augmentedairuntime/1.12.1/aws-java-sdk-augmentedairuntime-1.12.1.jar:/Users/psakth136/.m2/repository/com/amazonaws/aws-java-sdk-outposts/1.12.1/aws-java-sdk-outposts-1.12.1.jar:/Users/psakth136/.m2/repository/com/amazonaws/aws-java-sdk-codeguruprofiler/1.12.1/aws-java-sdk-codeguruprofiler-1.12.1.jar:/Users/psakth136/.m2/repository/com/amazonaws/aws-java-sdk-codegurureviewer/1.12.1/aws-java-sdk-codegurureviewer-1.12.1.jar:/Users/psakth136/.m2/repository/com/amazonaws/aws-java-sdk-frauddetector/1.12.1/aws-java-sdk-frauddetector-1.12.1.jar:/Users/psakth136/.m2/repository/com/amazonaws/aws-java-sdk-kendra/1.12.1/aws-java-sdk-kendra-1.12.1.jar:/Users/psakth136/.m2/repository/com/amazonaws/aws-java-sdk-networkmanager/1.12.1/aws-java-sdk-networkmanager-1.12.1.jar:/Users/psakth136/.m2/repository/com/amazonaws/aws-java-sdk-computeoptimizer/1.12.1/aws-java-sdk-computeoptimizer-1.12.1.jar:/Users/psakth136/.m2/repository/com/amazonaws/aws-java-sdk-accessanalyzer/1.12.1/aws-java-sdk-accessanalyzer-1.12.1.jar:/Users/psakth136/.m2/repository/com/amazonaws/aws-java-sdk-schemas/1.12.1/aws-java-sdk-schemas-1.12.1.jar:/Users/psakth136/.m2/repository/com/amazonaws/aws-java-sdk-imagebuilder/1.12.1/aws-java-sdk-imagebuilder-1.12.1.jar:/Users/psakth136/.m2/repository/com/amazonaws/aws-java-sdk-elasticinference/1.12.1/aws-java-sdk-elasticinference-1.12.1.jar:/Users/psakth136/.m2/repository/com/amazonaws/aws-java-sdk-iotsecuretunneling/1.12.1/aws-java-sdk-iotsecuretunneling-1.12.1.jar:/Users/psakth136/.m2/repository/com/amazonaws/aws-java-sdk-appconfig/1.12.1/aws-java-sdk-appconfig-1.12.1.jar:/Users/psakth136/.m2/repository/com/amazonaws/aws-java-sdk-wafv2/1.12.1/aws-java-sdk-wafv2-1.12.1.jar:/Users/psakth136/.m2/repository/com/amazonaws/aws-java-sdk-connectparticipant/1.12.1/aws-java-sdk-connectparticipant-1.12.1.jar:/Users/psakth136/.m2/repository/com/amazonaws/aws-java-sdk-migrationhubconfig/1.12.1/aws-java-sdk-migrationhubconfig-1.12.1.jar:/Users/psakth136/.m2/repository/com/amazonaws/aws-java-sdk-dataexchange/1.12.1/aws-java-sdk-dataexchange-1.12.1.jar:/Users/psakth136/.m2/repository/com/amazonaws/aws-java-sdk-sesv2/1.12.1/aws-java-sdk-sesv2-1.12.1.jar:/Users/psakth136/.m2/repository/com/amazonaws/aws-java-sdk-marketplacecatalog/1.12.1/aws-java-sdk-marketplacecatalog-1.12.1.jar:/Users/psakth136/.m2/repository/com/amazonaws/aws-java-sdk-ssooidc/1.12.1/aws-java-sdk-ssooidc-1.12.1.jar:/Users/psakth136/.m2/repository/com/amazonaws/aws-java-sdk-sso/1.12.1/aws-java-sdk-sso-1.12.1.jar:/Users/psakth136/.m2/repository/com/amazonaws/aws-java-sdk-savingsplans/1.12.1/aws-java-sdk-savingsplans-1.12.1.jar:/Users/psakth136/.m2/repository/com/amazonaws/aws-java-sdk-codestarnotifications/1.12.1/aws-java-sdk-codestarnotifications-1.12.1.jar:/Users/psakth136/.m2/repository/com/amazonaws/aws-java-sdk-workmailmessageflow/1.12.1/aws-java-sdk-workmailmessageflow-1.12.1.jar:/Users/psakth136/.m2/repository/com/amazonaws/aws-java-sdk-qldbsession/1.12.1/aws-java-sdk-qldbsession-1.12.1.jar:/Users/psakth136/.m2/repository/com/amazonaws/aws-java-sdk-qldb/1.12.1/aws-java-sdk-qldb-1.12.1.jar:/Users/psakth136/.m2/repository/com/amazonaws/aws-java-sdk-forecastquery/1.12.1/aws-java-sdk-forecastquery-1.12.1.jar:/Users/psakth136/.m2/repository/com/amazonaws/aws-java-sdk-forecast/1.12.1/aws-java-sdk-forecast-1.12.1.jar:/Users/psakth136/.m2/repository/com/amazonaws/aws-java-sdk-lakeformation/1.12.1/aws-java-sdk-lakeformation-1.12.1.jar:/Users/psakth136/.m2/repository/com/amazonaws/aws-java-sdk-eventbridge/1.12.1/aws-java-sdk-eventbridge-1.12.1.jar:/Users/psakth136/.m2/repository/com/amazonaws/aws-java-sdk-ec2instanceconnect/1.12.1/aws-java-sdk-ec2instanceconnect-1.12.1.jar:/Users/psakth136/.m2/repository/com/amazonaws/aws-java-sdk-applicationinsights/1.12.1/aws-java-sdk-applicationinsights-1.12.1.jar:/Users/psakth136/.m2/repository/com/amazonaws/aws-java-sdk-servicequotas/1.12.1/aws-java-sdk-servicequotas-1.12.1.jar:/Users/psakth136/.m2/repository/com/amazonaws/aws-java-sdk-personalizeevents/1.12.1/aws-java-sdk-personalizeevents-1.12.1.jar:/Users/psakth136/.m2/repository/com/amazonaws/aws-java-sdk-personalize/1.12.1/aws-java-sdk-personalize-1.12.1.jar:/Users/psakth136/.m2/repository/com/amazonaws/aws-java-sdk-personalizeruntime/1.12.1/aws-java-sdk-personalizeruntime-1.12.1.jar:/Users/psakth136/.m2/repository/com/amazonaws/aws-java-sdk-ioteventsdata/1.12.1/aws-java-sdk-ioteventsdata-1.12.1.jar:/Users/psakth136/.m2/repository/com/amazonaws/aws-java-sdk-iotevents/1.12.1/aws-java-sdk-iotevents-1.12.1.jar:/Users/psakth136/.m2/repository/com/amazonaws/aws-java-sdk-iotthingsgraph/1.12.1/aws-java-sdk-iotthingsgraph-1.12.1.jar:/Users/psakth136/.m2/repository/com/amazonaws/aws-java-sdk-groundstation/1.12.1/aws-java-sdk-groundstation-1.12.1.jar:/Users/psakth136/.m2/repository/com/amazonaws/aws-java-sdk-mediapackagevod/1.12.1/aws-java-sdk-mediapackagevod-1.12.1.jar:/Users/psakth136/.m2/repository/com/amazonaws/aws-java-sdk-managedblockchain/1.12.1/aws-java-sdk-managedblockchain-1.12.1.jar:/Users/psakth136/.m2/repository/com/amazonaws/aws-java-sdk-textract/1.12.1/aws-java-sdk-textract-1.12.1.jar:/Users/psakth136/.m2/repository/com/amazonaws/aws-java-sdk-worklink/1.12.1/aws-java-sdk-worklink-1.12.1.jar:/Users/psakth136/.m2/repository/com/amazonaws/aws-java-sdk-backup/1.12.1/aws-java-sdk-backup-1.12.1.jar:/Users/psakth136/.m2/repository/com/amazonaws/aws-java-sdk-docdb/1.12.1/aws-java-sdk-docdb-1.12.1.jar:/Users/psakth136/.m2/repository/com/amazonaws/aws-java-sdk-apigatewayv2/1.12.1/aws-java-sdk-apigatewayv2-1.12.1.jar:/Users/psakth136/.m2/repository/com/amazonaws/aws-java-sdk-apigatewaymanagementapi/1.12.1/aws-java-sdk-apigatewaymanagementapi-1.12.1.jar:/Users/psakth136/.m2/repository/com/amazonaws/aws-java-sdk-kafka/1.12.1/aws-java-sdk-kafka-1.12.1.jar:/Users/psakth136/.m2/repository/com/amazonaws/aws-java-sdk-appmesh/1.12.1/aws-java-sdk-appmesh-1.12.1.jar:/Users/psakth136/.m2/repository/com/amazonaws/aws-java-sdk-licensemanager/1.12.1/aws-java-sdk-licensemanager-1.12.1.jar:/Users/psakth136/.m2/repository/com/amazonaws/aws-java-sdk-securityhub/1.12.1/aws-java-sdk-securityhub-1.12.1.jar:/Users/psakth136/.m2/repository/com/amazonaws/aws-java-sdk-fsx/1.12.1/aws-java-sdk-fsx-1.12.1.jar:/Users/psakth136/.m2/repository/com/amazonaws/aws-java-sdk-mediaconnect/1.12.1/aws-java-sdk-mediaconnect-1.12.1.jar:/Users/psakth136/.m2/repository/com/amazonaws/aws-java-sdk-kinesisanalyticsv2/1.12.1/aws-java-sdk-kinesisanalyticsv2-1.12.1.jar:/Users/psakth136/.m2/repository/com/amazonaws/aws-java-sdk-comprehendmedical/1.12.1/aws-java-sdk-comprehendmedical-1.12.1.jar:/Users/psakth136/.m2/repository/com/amazonaws/aws-java-sdk-globalaccelerator/1.12.1/aws-java-sdk-globalaccelerator-1.12.1.jar:/Users/psakth136/.m2/repository/com/amazonaws/aws-java-sdk-transfer/1.12.1/aws-java-sdk-transfer-1.12.1.jar:/Users/psakth136/.m2/repository/com/amazonaws/aws-java-sdk-datasync/1.12.1/aws-java-sdk-datasync-1.12.1.jar:/Users/psakth136/.m2/repository/com/amazonaws/aws-java-sdk-robomaker/1.12.1/aws-java-sdk-robomaker-1.12.1.jar:/Users/psakth136/.m2/repository/com/amazonaws/aws-java-sdk-amplify/1.12.1/aws-java-sdk-amplify-1.12.1.jar:/Users/psakth136/.m2/repository/com/amazonaws/aws-java-sdk-quicksight/1.12.1/aws-java-sdk-quicksight-1.12.1.jar:/Users/psakth136/.m2/repository/com/amazonaws/aws-java-sdk-rdsdata/1.12.1/aws-java-sdk-rdsdata-1.12.1.jar:/Users/psakth136/.m2/repository/com/amazonaws/aws-java-sdk-route53resolver/1.12.1/aws-java-sdk-route53resolver-1.12.1.jar:/Users/psakth136/.m2/repository/com/amazonaws/aws-java-sdk-ram/1.12.1/aws-java-sdk-ram-1.12.1.jar:/Users/psakth136/.m2/repository/com/amazonaws/aws-java-sdk-s3control/1.12.1/aws-java-sdk-s3control-1.12.1.jar:/Users/psakth136/.m2/repository/com/amazonaws/aws-java-sdk-pinpointsmsvoice/1.12.1/aws-java-sdk-pinpointsmsvoice-1.12.1.jar:/Users/psakth136/.m2/repository/com/amazonaws/aws-java-sdk-pinpointemail/1.12.1/aws-java-sdk-pinpointemail-1.12.1.jar:/Users/psakth136/.m2/repository/com/amazonaws/aws-java-sdk-chime/1.12.1/aws-java-sdk-chime-1.12.1.jar:/Users/psakth136/.m2/repository/com/amazonaws/aws-java-sdk-signer/1.12.1/aws-java-sdk-signer-1.12.1.jar:/Users/psakth136/.m2/repository/com/amazonaws/aws-java-sdk-dlm/1.12.1/aws-java-sdk-dlm-1.12.1.jar:/Users/psakth136/.m2/repository/com/amazonaws/aws-java-sdk-macie/1.12.1/aws-java-sdk-macie-1.12.1.jar:/Users/psakth136/.m2/repository/com/amazonaws/aws-java-sdk-eks/1.12.1/aws-java-sdk-eks-1.12.1.jar:/Users/psakth136/.m2/repository/com/amazonaws/aws-java-sdk-mediatailor/1.12.1/aws-java-sdk-mediatailor-1.12.1.jar:/Users/psakth136/.m2/repository/com/amazonaws/aws-java-sdk-neptune/1.12.1/aws-java-sdk-neptune-1.12.1.jar:/Users/psakth136/.m2/repository/com/amazonaws/aws-java-sdk-pi/1.12.1/aws-java-sdk-pi-1.12.1.jar:/Users/psakth136/.m2/repository/com/amazonaws/aws-java-sdk-iot1clickprojects/1.12.1/aws-java-sdk-iot1clickprojects-1.12.1.jar:/Users/psakth136/.m2/repository/com/amazonaws/aws-java-sdk-iot1clickdevices/1.12.1/aws-java-sdk-iot1clickdevices-1.12.1.jar:/Users/psakth136/.m2/repository/com/amazonaws/aws-java-sdk-iotanalytics/1.12.1/aws-java-sdk-iotanalytics-1.12.1.jar:/Users/psakth136/.m2/repository/com/amazonaws/aws-java-sdk-acmpca/1.12.1/aws-java-sdk-acmpca-1.12.1.jar:/Users/psakth136/.m2/repository/com/amazonaws/aws-java-sdk-secretsmanager/1.12.1/aws-java-sdk-secretsmanager-1.12.1.jar:/Users/psakth136/.m2/repository/com/amazonaws/aws-java-sdk-fms/1.12.1/aws-java-sdk-fms-1.12.1.jar:/Users/psakth136/.m2/repository/com/amazonaws/aws-java-sdk-connect/1.12.1/aws-java-sdk-connect-1.12.1.jar:/Users/psakth136/.m2/repository/com/amazonaws/aws-java-sdk-transcribe/1.12.1/aws-java-sdk-transcribe-1.12.1.jar:/Users/psakth136/.m2/repository/com/amazonaws/aws-java-sdk-autoscalingplans/1.12.1/aws-java-sdk-autoscalingplans-1.12.1.jar:/Users/psakth136/.m2/repository/com/amazonaws/aws-java-sdk-workmail/1.12.1/aws-java-sdk-workmail-1.12.1.jar:/Users/psakth136/.m2/repository/com/amazonaws/aws-java-sdk-servicediscovery/1.12.1/aws-java-sdk-servicediscovery-1.12.1.jar:/Users/psakth136/.m2/repository/com/amazonaws/aws-java-sdk-cloud9/1.12.1/aws-java-sdk-cloud9-1.12.1.jar:/Users/psakth136/.m2/repository/com/amazonaws/aws-java-sdk-serverlessapplicationrepository/1.12.1/aws-java-sdk-serverlessapplicationrepository-1.12.1.jar:/Users/psakth136/.m2/repository/com/amazonaws/aws-java-sdk-alexaforbusiness/1.12.1/aws-java-sdk-alexaforbusiness-1.12.1.jar:/Users/psakth136/.m2/repository/com/amazonaws/aws-java-sdk-resourcegroups/1.12.1/aws-java-sdk-resourcegroups-1.12.1.jar:/Users/psakth136/.m2/repository/com/amazonaws/aws-java-sdk-comprehend/1.12.1/aws-java-sdk-comprehend-1.12.1.jar:/Users/psakth136/.m2/repository/com/amazonaws/aws-java-sdk-translate/1.12.1/aws-java-sdk-translate-1.12.1.jar:/Users/psakth136/.m2/repository/com/amazonaws/aws-java-sdk-sagemaker/1.12.1/aws-java-sdk-sagemaker-1.12.1.jar:/Users/psakth136/.m2/repository/com/amazonaws/aws-java-sdk-iotjobsdataplane/1.12.1/aws-java-sdk-iotjobsdataplane-1.12.1.jar:/Users/psakth136/.m2/repository/com/amazonaws/aws-java-sdk-sagemakerruntime/1.12.1/aws-java-sdk-sagemakerruntime-1.12.1.jar:/Users/psakth136/.m2/repository/com/amazonaws/aws-java-sdk-kinesisvideo/1.12.1/aws-java-sdk-kinesisvideo-1.12.1.jar:/Users/psakth136/.m2/repository/io/netty/netty-handler/4.1.61.Final/netty-handler-4.1.61.Final.jar:/Users/psakth136/.m2/repository/com/amazonaws/aws-java-sdk-appsync/1.12.1/aws-java-sdk-appsync-1.12.1.jar:/Users/psakth136/.m2/repository/com/amazonaws/aws-java-sdk-guardduty/1.12.1/aws-java-sdk-guardduty-1.12.1.jar:/Users/psakth136/.m2/repository/com/amazonaws/aws-java-sdk-mq/1.12.1/aws-java-sdk-mq-1.12.1.jar:/Users/psakth136/.m2/repository/com/amazonaws/aws-java-sdk-mediaconvert/1.12.1/aws-java-sdk-mediaconvert-1.12.1.jar:/Users/psakth136/.m2/repository/com/amazonaws/aws-java-sdk-mediastore/1.12.1/aws-java-sdk-mediastore-1.12.1.jar:/Users/psakth136/.m2/repository/com/amazonaws/aws-java-sdk-mediastoredata/1.12.1/aws-java-sdk-mediastoredata-1.12.1.jar:/Users/psakth136/.m2/repository/com/amazonaws/aws-java-sdk-medialive/1.12.1/aws-java-sdk-medialive-1.12.1.jar:/Users/psakth136/.m2/repository/com/amazonaws/aws-java-sdk-mediapackage/1.12.1/aws-java-sdk-mediapackage-1.12.1.jar:/Users/psakth136/.m2/repository/com/amazonaws/aws-java-sdk-costexplorer/1.12.1/aws-java-sdk-costexplorer-1.12.1.jar:/Users/psakth136/.m2/repository/com/amazonaws/aws-java-sdk-pricing/1.12.1/aws-java-sdk-pricing-1.12.1.jar:/Users/psakth136/.m2/repository/com/amazonaws/aws-java-sdk-mobile/1.12.1/aws-java-sdk-mobile-1.12.1.jar:/Users/psakth136/.m2/repository/com/amazonaws/aws-java-sdk-cloudhsmv2/1.12.1/aws-java-sdk-cloudhsmv2-1.12.1.jar:/Users/psakth136/.m2/repository/com/amazonaws/aws-java-sdk-glue/1.12.1/aws-java-sdk-glue-1.12.1.jar:/Users/psakth136/.m2/repository/com/amazonaws/aws-java-sdk-migrationhub/1.12.1/aws-java-sdk-migrationhub-1.12.1.jar:/Users/psakth136/.m2/repository/com/amazonaws/aws-java-sdk-dax/1.12.1/aws-java-sdk-dax-1.12.1.jar:/Users/psakth136/.m2/repository/com/amazonaws/aws-java-sdk-greengrass/1.12.1/aws-java-sdk-greengrass-1.12.1.jar:/Users/psakth136/.m2/repository/com/amazonaws/aws-java-sdk-athena/1.12.1/aws-java-sdk-athena-1.12.1.jar:/Users/psakth136/.m2/repository/com/amazonaws/aws-java-sdk-marketplaceentitlement/1.12.1/aws-java-sdk-marketplaceentitlement-1.12.1.jar:/Users/psakth136/.m2/repository/com/amazonaws/aws-java-sdk-codestar/1.12.1/aws-java-sdk-codestar-1.12.1.jar:/Users/psakth136/.m2/repository/com/amazonaws/aws-java-sdk-lexmodelbuilding/1.12.1/aws-java-sdk-lexmodelbuilding-1.12.1.jar:/Users/psakth136/.m2/repository/com/amazonaws/aws-java-sdk-resourcegroupstaggingapi/1.12.1/aws-java-sdk-resourcegroupstaggingapi-1.12.1.jar:/Users/psakth136/.m2/repository/com/amazonaws/aws-java-sdk-pinpoint/1.12.1/aws-java-sdk-pinpoint-1.12.1.jar:/Users/psakth136/.m2/repository/com/amazonaws/aws-java-sdk-xray/1.12.1/aws-java-sdk-xray-1.12.1.jar:/Users/psakth136/.m2/repository/com/amazonaws/aws-java-sdk-opsworkscm/1.12.1/aws-java-sdk-opsworkscm-1.12.1.jar:/Users/psakth136/.m2/repository/com/amazonaws/aws-java-sdk-support/1.12.1/aws-java-sdk-support-1.12.1.jar:/Users/psakth136/.m2/repository/com/amazonaws/aws-java-sdk-simpledb/1.12.1/aws-java-sdk-simpledb-1.12.1.jar:/Users/psakth136/.m2/repository/com/amazonaws/aws-java-sdk-servicecatalog/1.12.1/aws-java-sdk-servicecatalog-1.12.1.jar:/Users/psakth136/.m2/repository/com/amazonaws/aws-java-sdk-servermigration/1.12.1/aws-java-sdk-servermigration-1.12.1.jar:/Users/psakth136/.m2/repository/com/amazonaws/aws-java-sdk-simpleworkflow/1.12.1/aws-java-sdk-simpleworkflow-1.12.1.jar:/Users/psakth136/.m2/repository/com/amazonaws/aws-java-sdk-storagegateway/1.12.1/aws-java-sdk-storagegateway-1.12.1.jar:/Users/psakth136/.m2/repository/com/amazonaws/aws-java-sdk-route53/1.12.1/aws-java-sdk-route53-1.12.1.jar:/Users/psakth136/.m2/repository/com/amazonaws/aws-java-sdk-s3/1.12.1/aws-java-sdk-s3-1.12.1.jar:/Users/psakth136/.m2/repository/com/amazonaws/aws-java-sdk-importexport/1.12.1/aws-java-sdk-importexport-1.12.1.jar:/Users/psakth136/.m2/repository/com/amazonaws/aws-java-sdk-sts/1.12.1/aws-java-sdk-sts-1.12.1.jar:/Users/psakth136/.m2/repository/com/amazonaws/aws-java-sdk-sqs/1.12.1/aws-java-sdk-sqs-1.12.1.jar:/Users/psakth136/.m2/repository/com/amazonaws/aws-java-sdk-rds/1.12.1/aws-java-sdk-rds-1.12.1.jar:/Users/psakth136/.m2/repository/com/amazonaws/aws-java-sdk-redshift/1.12.1/aws-java-sdk-redshift-1.12.1.jar:/Users/psakth136/.m2/repository/com/amazonaws/aws-java-sdk-elasticbeanstalk/1.12.1/aws-java-sdk-elasticbeanstalk-1.12.1.jar:/Users/psakth136/.m2/repository/com/amazonaws/aws-java-sdk-glacier/1.12.1/aws-java-sdk-glacier-1.12.1.jar:/Users/psakth136/.m2/repository/com/amazonaws/aws-java-sdk-iam/1.12.1/aws-java-sdk-iam-1.12.1.jar:/Users/psakth136/.m2/repository/com/amazonaws/aws-java-sdk-datapipeline/1.12.1/aws-java-sdk-datapipeline-1.12.1.jar:/Users/psakth136/.m2/repository/com/amazonaws/aws-java-sdk-elasticloadbalancing/1.12.1/aws-java-sdk-elasticloadbalancing-1.12.1.jar:/Users/psakth136/.m2/repository/com/amazonaws/aws-java-sdk-elasticloadbalancingv2/1.12.1/aws-java-sdk-elasticloadbalancingv2-1.12.1.jar:/Users/psakth136/.m2/repository/com/amazonaws/aws-java-sdk-emr/1.12.1/aws-java-sdk-emr-1.12.1.jar:/Users/psakth136/.m2/repository/com/amazonaws/aws-java-sdk-elasticache/1.12.1/aws-java-sdk-elasticache-1.12.1.jar:/Users/psakth136/.m2/repository/com/amazonaws/aws-java-sdk-elastictranscoder/1.12.1/aws-java-sdk-elastictranscoder-1.12.1.jar:/Users/psakth136/.m2/repository/com/amazonaws/aws-java-sdk-ec2/1.12.1/aws-java-sdk-ec2-1.12.1.jar:/Users/psakth136/.m2/repository/com/amazonaws/aws-java-sdk-dynamodb/1.12.1/aws-java-sdk-dynamodb-1.12.1.jar:/Users/psakth136/.m2/repository/com/amazonaws/aws-java-sdk-sns/1.12.1/aws-java-sdk-sns-1.12.1.jar:/Users/psakth136/.m2/repository/com/amazonaws/aws-java-sdk-budgets/1.12.1/aws-java-sdk-budgets-1.12.1.jar:/Users/psakth136/.m2/repository/com/amazonaws/aws-java-sdk-cloudtrail/1.12.1/aws-java-sdk-cloudtrail-1.12.1.jar:/Users/psakth136/.m2/repository/com/amazonaws/aws-java-sdk-cloudwatch/1.12.1/aws-java-sdk-cloudwatch-1.12.1.jar:/Users/psakth136/.m2/repository/com/amazonaws/aws-java-sdk-logs/1.12.1/aws-java-sdk-logs-1.12.1.jar:/Users/psakth136/.m2/repository/com/amazonaws/aws-java-sdk-events/1.12.1/aws-java-sdk-events-1.12.1.jar:/Users/psakth136/.m2/repository/com/amazonaws/aws-java-sdk-cognitoidentity/1.12.1/aws-java-sdk-cognitoidentity-1.12.1.jar:/Users/psakth136/.m2/repository/com/amazonaws/aws-java-sdk-cognitosync/1.12.1/aws-java-sdk-cognitosync-1.12.1.jar:/Users/psakth136/.m2/repository/com/amazonaws/aws-java-sdk-directconnect/1.12.1/aws-java-sdk-directconnect-1.12.1.jar:/Users/psakth136/.m2/repository/com/amazonaws/aws-java-sdk-cloudformation/1.12.1/aws-java-sdk-cloudformation-1.12.1.jar:/Users/psakth136/.m2/repository/com/amazonaws/aws-java-sdk-cloudfront/1.12.1/aws-java-sdk-cloudfront-1.12.1.jar:/Users/psakth136/.m2/repository/com/amazonaws/aws-java-sdk-clouddirectory/1.12.1/aws-java-sdk-clouddirectory-1.12.1.jar:/Users/psakth136/.m2/repository/com/amazonaws/aws-java-sdk-kinesis/1.12.1/aws-java-sdk-kinesis-1.12.1.jar:/Users/psakth136/.m2/repository/com/amazonaws/aws-java-sdk-opsworks/1.12.1/aws-java-sdk-opsworks-1.12.1.jar:/Users/psakth136/.m2/repository/com/amazonaws/aws-java-sdk-ses/1.12.1/aws-java-sdk-ses-1.12.1.jar:/Users/psakth136/.m2/repository/com/amazonaws/aws-java-sdk-autoscaling/1.12.1/aws-java-sdk-autoscaling-1.12.1.jar:/Users/psakth136/.m2/repository/com/amazonaws/aws-java-sdk-cloudsearch/1.12.1/aws-java-sdk-cloudsearch-1.12.1.jar:/Users/psakth136/.m2/repository/com/amazonaws/aws-java-sdk-cloudwatchmetrics/1.12.1/aws-java-sdk-cloudwatchmetrics-1.12.1.jar:/Users/psakth136/.m2/repository/com/amazonaws/aws-java-sdk-codedeploy/1.12.1/aws-java-sdk-codedeploy-1.12.1.jar:/Users/psakth136/.m2/repository/com/amazonaws/aws-java-sdk-codepipeline/1.12.1/aws-java-sdk-codepipeline-1.12.1.jar:/Users/psakth136/.m2/repository/com/amazonaws/aws-java-sdk-kms/1.12.1/aws-java-sdk-kms-1.12.1.jar:/Users/psakth136/.m2/repository/com/amazonaws/aws-java-sdk-config/1.12.1/aws-java-sdk-config-1.12.1.jar:/Users/psakth136/.m2/repository/com/amazonaws/aws-java-sdk-lambda/1.12.1/aws-java-sdk-lambda-1.12.1.jar:/Users/psakth136/.m2/repository/com/amazonaws/aws-java-sdk-ecs/1.12.1/aws-java-sdk-ecs-1.12.1.jar:/Users/psakth136/.m2/repository/com/amazonaws/aws-java-sdk-ecr/1.12.1/aws-java-sdk-ecr-1.12.1.jar:/Users/psakth136/.m2/repository/com/amazonaws/aws-java-sdk-cloudhsm/1.12.1/aws-java-sdk-cloudhsm-1.12.1.jar:/Users/psakth136/.m2/repository/com/amazonaws/aws-java-sdk-ssm/1.12.1/aws-java-sdk-ssm-1.12.1.jar:/Users/psakth136/.m2/repository/com/amazonaws/aws-java-sdk-workspaces/1.12.1/aws-java-sdk-workspaces-1.12.1.jar:/Users/psakth136/.m2/repository/com/amazonaws/aws-java-sdk-machinelearning/1.12.1/aws-java-sdk-machinelearning-1.12.1.jar:/Users/psakth136/.m2/repository/com/amazonaws/aws-java-sdk-directory/1.12.1/aws-java-sdk-directory-1.12.1.jar:/Users/psakth136/.m2/repository/com/amazonaws/aws-java-sdk-efs/1.12.1/aws-java-sdk-efs-1.12.1.jar:/Users/psakth136/.m2/repository/com/amazonaws/aws-java-sdk-codecommit/1.12.1/aws-java-sdk-codecommit-1.12.1.jar:/Users/psakth136/.m2/repository/com/amazonaws/aws-java-sdk-devicefarm/1.12.1/aws-java-sdk-devicefarm-1.12.1.jar:/Users/psakth136/.m2/repository/com/amazonaws/aws-java-sdk-elasticsearch/1.12.1/aws-java-sdk-elasticsearch-1.12.1.jar:/Users/psakth136/.m2/repository/com/amazonaws/aws-java-sdk-waf/1.12.1/aws-java-sdk-waf-1.12.1.jar:/Users/psakth136/.m2/repository/com/amazonaws/aws-java-sdk-marketplacecommerceanalytics/1.12.1/aws-java-sdk-marketplacecommerceanalytics-1.12.1.jar:/Users/psakth136/.m2/repository/com/amazonaws/aws-java-sdk-inspector/1.12.1/aws-java-sdk-inspector-1.12.1.jar:/Users/psakth136/.m2/repository/com/amazonaws/aws-java-sdk-iot/1.12.1/aws-java-sdk-iot-1.12.1.jar:/Users/psakth136/.m2/repository/com/amazonaws/aws-java-sdk-api-gateway/1.12.1/aws-java-sdk-api-gateway-1.12.1.jar:/Users/psakth136/.m2/repository/com/amazonaws/aws-java-sdk-acm/1.12.1/aws-java-sdk-acm-1.12.1.jar:/Users/psakth136/.m2/repository/com/amazonaws/aws-java-sdk-gamelift/1.12.1/aws-java-sdk-gamelift-1.12.1.jar:/Users/psakth136/.m2/repository/com/amazonaws/aws-java-sdk-dms/1.12.1/aws-java-sdk-dms-1.12.1.jar:/Users/psakth136/.m2/repository/com/amazonaws/aws-java-sdk-marketplacemeteringservice/1.12.1/aws-java-sdk-marketplacemeteringservice-1.12.1.jar:/Users/psakth136/.m2/repository/com/amazonaws/aws-java-sdk-cognitoidp/1.12.1/aws-java-sdk-cognitoidp-1.12.1.jar:/Users/psakth136/.m2/repository/com/amazonaws/aws-java-sdk-discovery/1.12.1/aws-java-sdk-discovery-1.12.1.jar:/Users/psakth136/.m2/repository/com/amazonaws/aws-java-sdk-applicationautoscaling/1.12.1/aws-java-sdk-applicationautoscaling-1.12.1.jar:/Users/psakth136/.m2/repository/com/amazonaws/aws-java-sdk-snowball/1.12.1/aws-java-sdk-snowball-1.12.1.jar:/Users/psakth136/.m2/repository/com/amazonaws/aws-java-sdk-rekognition/1.12.1/aws-java-sdk-rekognition-1.12.1.jar:/Users/psakth136/.m2/repository/com/amazonaws/aws-java-sdk-polly/1.12.1/aws-java-sdk-polly-1.12.1.jar:/Users/psakth136/.m2/repository/com/amazonaws/aws-java-sdk-lightsail/1.12.1/aws-java-sdk-lightsail-1.12.1.jar:/Users/psakth136/.m2/repository/com/amazonaws/aws-java-sdk-stepfunctions/1.12.1/aws-java-sdk-stepfunctions-1.12.1.jar:/Users/psakth136/.m2/repository/com/amazonaws/aws-java-sdk-health/1.12.1/aws-java-sdk-health-1.12.1.jar:/Users/psakth136/.m2/repository/com/amazonaws/aws-java-sdk-costandusagereport/1.12.1/aws-java-sdk-costandusagereport-1.12.1.jar:/Users/psakth136/.m2/repository/com/amazonaws/aws-java-sdk-codebuild/1.12.1/aws-java-sdk-codebuild-1.12.1.jar:/Users/psakth136/.m2/repository/com/amazonaws/aws-java-sdk-appstream/1.12.1/aws-java-sdk-appstream-1.12.1.jar:/Users/psakth136/.m2/repository/com/amazonaws/aws-java-sdk-shield/1.12.1/aws-java-sdk-shield-1.12.1.jar:/Users/psakth136/.m2/repository/com/amazonaws/aws-java-sdk-batch/1.12.1/aws-java-sdk-batch-1.12.1.jar:/Users/psakth136/.m2/repository/com/amazonaws/aws-java-sdk-lex/1.12.1/aws-java-sdk-lex-1.12.1.jar:/Users/psakth136/.m2/repository/com/amazonaws/aws-java-sdk-mechanicalturkrequester/1.12.1/aws-java-sdk-mechanicalturkrequester-1.12.1.jar:/Users/psakth136/.m2/repository/com/amazonaws/aws-java-sdk-organizations/1.12.1/aws-java-sdk-organizations-1.12.1.jar:/Users/psakth136/.m2/repository/com/amazonaws/aws-java-sdk-workdocs/1.12.1/aws-java-sdk-workdocs-1.12.1.jar:/Users/psakth136/.m2/repository/com/amazonaws/aws-java-sdk-models/1.12.1/aws-java-sdk-models-1.12.1.jar:/Users/psakth136/.m2/repository/com/amazonaws/aws-java-sdk-swf-libraries/1.11.22/aws-java-sdk-swf-libraries-1.11.22.jar:/Users/psakth136/.m2/repository/software/amazon/awssdk/regions/2.21.6/regions-2.21.6.jar:/Users/psakth136/.m2/repository/software/amazon/awssdk/annotations/2.21.11/annotations-2.21.11.jar:/Users/psakth136/.m2/repository/software/amazon/awssdk/utils/2.21.11/utils-2.21.11.jar:/Users/psakth136/.m2/repository/software/amazon/awssdk/sdk-core/2.21.11/sdk-core-2.21.11.jar:/Users/psakth136/.m2/repository/software/amazon/awssdk/checksums-spi/2.21.11/checksums-spi-2.21.11.jar:/Users/psakth136/.m2/repository/software/amazon/awssdk/checksums/2.21.11/checksums-2.21.11.jar:/Users/psakth136/.m2/repository/software/amazon/awssdk/profiles/2.21.11/profiles-2.21.11.jar:/Users/psakth136/.m2/repository/software/amazon/awssdk/json-utils/2.21.11/json-utils-2.21.11.jar:/Users/psakth136/.m2/repository/software/amazon/awssdk/third-party-jackson-core/2.21.11/third-party-jackson-core-2.21.11.jar:/Users/psakth136/.m2/repository/com/amazonaws/secretsmanager/aws-secretsmanager-caching-java/1.0.2/aws-secretsmanager-caching-java-1.0.2.jar:/Users/psakth136/.m2/repository/com/amazonaws/aws-java-sdk-core/1.12.576/aws-java-sdk-core-1.12.576.jar:/Users/psakth136/.m2/repository/commons-logging/commons-logging/1.1.3/commons-logging-1.1.3.jar:/Users/psakth136/.m2/repository/software/amazon/ion/ion-java/1.0.2/ion-java-1.0.2.jar:/Users/psakth136/.m2/repository/com/fasterxml/jackson/dataformat/jackson-dataformat-cbor/2.12.6/jackson-dataformat-cbor-2.12.6.jar:/Users/psakth136/.m2/repository/joda-time/joda-time/2.8.1/joda-time-2.8.1.jar:/Users/psakth136/.m2/repository/software/amazon/awssdk/sts/2.21.10/sts-2.21.10.jar:/Users/psakth136/.m2/repository/software/amazon/awssdk/aws-query-protocol/2.21.11/aws-query-protocol-2.21.11.jar:/Users/psakth136/.m2/repository/software/amazon/awssdk/protocol-core/2.21.11/protocol-core-2.21.11.jar:/Users/psakth136/.m2/repository/software/amazon/awssdk/http-auth-aws/2.21.11/http-auth-aws-2.21.11.jar:/Users/psakth136/.m2/repository/software/amazon/awssdk/auth/2.21.11/auth-2.21.11.jar:/Users/psakth136/.m2/repository/software/amazon/eventstream/eventstream/1.0.1/eventstream-1.0.1.jar:/Users/psakth136/.m2/repository/software/amazon/awssdk/http-auth-spi/2.21.11/http-auth-spi-2.21.11.jar:/Users/psakth136/.m2/repository/software/amazon/awssdk/http-auth/2.21.11/http-auth-2.21.11.jar:/Users/psakth136/.m2/repository/software/amazon/awssdk/identity-spi/2.21.11/identity-spi-2.21.11.jar:/Users/psakth136/.m2/repository/software/amazon/awssdk/http-client-spi/2.21.11/http-client-spi-2.21.11.jar:/Users/psakth136/.m2/repository/software/amazon/awssdk/aws-core/2.21.11/aws-core-2.21.11.jar:/Users/psakth136/.m2/repository/software/amazon/awssdk/metrics-spi/2.21.11/metrics-spi-2.21.11.jar:/Users/psakth136/.m2/repository/software/amazon/awssdk/endpoints-spi/2.21.10/endpoints-spi-2.21.10.jar:/Users/psakth136/.m2/repository/software/amazon/awssdk/apache-client/2.21.11/apache-client-2.21.11.jar:/Users/psakth136/.m2/repository/software/amazon/awssdk/netty-nio-client/2.21.11/netty-nio-client-2.21.11.jar:/Users/psakth136/.m2/repository/io/netty/netty-codec-http2/4.1.100.Final/netty-codec-http2-4.1.100.Final.jar:/Users/psakth136/.m2/repository/io/netty/netty-codec/4.1.100.Final/netty-codec-4.1.100.Final.jar:/Users/psakth136/.m2/repository/io/netty/netty-resolver/4.1.100.Final/netty-resolver-4.1.100.Final.jar:" />
		<property name="java.vm.vendor" value="Homebrew" />
		<property name="sun.arch.data.model" value="64" />
		<property name="java.vendor.url"
			value="https://github.com/Homebrew/homebrew-core/issues" />
		<property name="user.timezone" value="America/New_York" />
		<property name="os.name" value="Mac OS X" />
		<property name="java.vm.specification.version" value="21" />
		<property name="sun.java.launcher" value="SUN_STANDARD" />
		<property name="user.country" value="US" />
		<property name="sun.boot.library.path"
			value="/opt/homebrew/Cellar/openjdk/21.0.1/libexec/openjdk.jdk/Contents/Home/lib" />
		<property name="sun.java.command"
			value="/Users/psakth136/Documents/Selenium/Amazon_Automation_CI/target/surefire/surefirebooter5738976674702714505.jar /Users/psakth136/Documents/Selenium/Amazon_Automation_CI/target/surefire 2023-11-23T17-00-50_333-jvmRun1 surefire15388662332219727117tmp surefire_012190832146180552663tmp" />
		<property name="http.nonProxyHosts"
			value="local|*.local|169.254/16|*.169.254/16" />
		<property name="jdk.debug" value="release" />
		<property name="surefire.test.class.path"
			value="/Users/psakth136/Documents/Selenium/Amazon_Automation_CI/target/test-classes:/Users/psakth136/Documents/Selenium/Amazon_Automation_CI/target/classes:/Users/psakth136/.m2/repository/org/testng/testng/7.8.0/testng-7.8.0.jar:/Users/psakth136/.m2/repository/org/slf4j/slf4j-api/1.7.36/slf4j-api-1.7.36.jar:/Users/psakth136/.m2/repository/com/beust/jcommander/1.82/jcommander-1.82.jar:/Users/psakth136/.m2/repository/org/webjars/jquery/3.6.1/jquery-3.6.1.jar:/Users/psakth136/.m2/repository/org/seleniumhq/selenium/selenium-java/4.12.1/selenium-java-4.12.1.jar:/Users/psakth136/.m2/repository/org/seleniumhq/selenium/selenium-api/4.12.1/selenium-api-4.12.1.jar:/Users/psakth136/.m2/repository/org/seleniumhq/selenium/selenium-chrome-driver/4.12.1/selenium-chrome-driver-4.12.1.jar:/Users/psakth136/.m2/repository/com/google/auto/service/auto-service-annotations/1.1.1/auto-service-annotations-1.1.1.jar:/Users/psakth136/.m2/repository/com/google/guava/guava/32.1.2-jre/guava-32.1.2-jre.jar:/Users/psakth136/.m2/repository/com/google/guava/failureaccess/1.0.1/failureaccess-1.0.1.jar:/Users/psakth136/.m2/repository/com/google/guava/listenablefuture/9999.0-empty-to-avoid-conflict-with-guava/listenablefuture-9999.0-empty-to-avoid-conflict-with-guava.jar:/Users/psakth136/.m2/repository/org/checkerframework/checker-qual/3.33.0/checker-qual-3.33.0.jar:/Users/psakth136/.m2/repository/com/google/errorprone/error_prone_annotations/2.18.0/error_prone_annotations-2.18.0.jar:/Users/psakth136/.m2/repository/com/google/j2objc/j2objc-annotations/2.8/j2objc-annotations-2.8.jar:/Users/psakth136/.m2/repository/org/seleniumhq/selenium/selenium-chromium-driver/4.12.1/selenium-chromium-driver-4.12.1.jar:/Users/psakth136/.m2/repository/org/seleniumhq/selenium/selenium-json/4.12.1/selenium-json-4.12.1.jar:/Users/psakth136/.m2/repository/org/seleniumhq/selenium/selenium-manager/4.12.1/selenium-manager-4.12.1.jar:/Users/psakth136/.m2/repository/org/seleniumhq/selenium/selenium-devtools-v114/4.12.1/selenium-devtools-v114-4.12.1.jar:/Users/psakth136/.m2/repository/org/seleniumhq/selenium/selenium-devtools-v115/4.12.1/selenium-devtools-v115-4.12.1.jar:/Users/psakth136/.m2/repository/org/seleniumhq/selenium/selenium-devtools-v116/4.12.1/selenium-devtools-v116-4.12.1.jar:/Users/psakth136/.m2/repository/org/seleniumhq/selenium/selenium-devtools-v85/4.12.1/selenium-devtools-v85-4.12.1.jar:/Users/psakth136/.m2/repository/org/seleniumhq/selenium/selenium-edge-driver/4.12.1/selenium-edge-driver-4.12.1.jar:/Users/psakth136/.m2/repository/org/seleniumhq/selenium/selenium-firefox-driver/4.12.1/selenium-firefox-driver-4.12.1.jar:/Users/psakth136/.m2/repository/org/seleniumhq/selenium/selenium-http/4.12.1/selenium-http-4.12.1.jar:/Users/psakth136/.m2/repository/dev/failsafe/failsafe/3.3.2/failsafe-3.3.2.jar:/Users/psakth136/.m2/repository/org/seleniumhq/selenium/selenium-ie-driver/4.12.1/selenium-ie-driver-4.12.1.jar:/Users/psakth136/.m2/repository/org/seleniumhq/selenium/selenium-remote-driver/4.12.1/selenium-remote-driver-4.12.1.jar:/Users/psakth136/.m2/repository/io/netty/netty-buffer/4.1.96.Final/netty-buffer-4.1.96.Final.jar:/Users/psakth136/.m2/repository/io/netty/netty-codec-http/4.1.96.Final/netty-codec-http-4.1.96.Final.jar:/Users/psakth136/.m2/repository/io/netty/netty-common/4.1.96.Final/netty-common-4.1.96.Final.jar:/Users/psakth136/.m2/repository/io/netty/netty-transport-classes-epoll/4.1.96.Final/netty-transport-classes-epoll-4.1.96.Final.jar:/Users/psakth136/.m2/repository/io/netty/netty-transport-classes-kqueue/4.1.96.Final/netty-transport-classes-kqueue-4.1.96.Final.jar:/Users/psakth136/.m2/repository/io/netty/netty-transport-native-epoll/4.1.96.Final/netty-transport-native-epoll-4.1.96.Final.jar:/Users/psakth136/.m2/repository/io/netty/netty-transport-native-kqueue/4.1.96.Final/netty-transport-native-kqueue-4.1.96.Final.jar:/Users/psakth136/.m2/repository/io/netty/netty-transport-native-unix-common/4.1.96.Final/netty-transport-native-unix-common-4.1.96.Final.jar:/Users/psakth136/.m2/repository/io/netty/netty-transport/4.1.96.Final/netty-transport-4.1.96.Final.jar:/Users/psakth136/.m2/repository/io/opentelemetry/opentelemetry-api/1.28.0/opentelemetry-api-1.28.0.jar:/Users/psakth136/.m2/repository/io/opentelemetry/opentelemetry-context/1.28.0/opentelemetry-context-1.28.0.jar:/Users/psakth136/.m2/repository/io/opentelemetry/opentelemetry-exporter-logging/1.28.0/opentelemetry-exporter-logging-1.28.0.jar:/Users/psakth136/.m2/repository/io/opentelemetry/opentelemetry-sdk-metrics/1.28.0/opentelemetry-sdk-metrics-1.28.0.jar:/Users/psakth136/.m2/repository/io/opentelemetry/opentelemetry-extension-incubator/1.28.0-alpha/opentelemetry-extension-incubator-1.28.0-alpha.jar:/Users/psakth136/.m2/repository/io/opentelemetry/opentelemetry-sdk-logs/1.28.0/opentelemetry-sdk-logs-1.28.0.jar:/Users/psakth136/.m2/repository/io/opentelemetry/opentelemetry-sdk-common/1.28.0/opentelemetry-sdk-common-1.28.0.jar:/Users/psakth136/.m2/repository/io/opentelemetry/opentelemetry-sdk-extension-autoconfigure-spi/1.28.0/opentelemetry-sdk-extension-autoconfigure-spi-1.28.0.jar:/Users/psakth136/.m2/repository/io/opentelemetry/opentelemetry-sdk-extension-autoconfigure/1.28.0/opentelemetry-sdk-extension-autoconfigure-1.28.0.jar:/Users/psakth136/.m2/repository/io/opentelemetry/opentelemetry-api-events/1.28.0-alpha/opentelemetry-api-events-1.28.0-alpha.jar:/Users/psakth136/.m2/repository/io/opentelemetry/opentelemetry-sdk-trace/1.28.0/opentelemetry-sdk-trace-1.28.0.jar:/Users/psakth136/.m2/repository/io/opentelemetry/opentelemetry-sdk/1.28.0/opentelemetry-sdk-1.28.0.jar:/Users/psakth136/.m2/repository/io/opentelemetry/opentelemetry-semconv/1.28.0-alpha/opentelemetry-semconv-1.28.0-alpha.jar:/Users/psakth136/.m2/repository/net/bytebuddy/byte-buddy/1.14.5/byte-buddy-1.14.5.jar:/Users/psakth136/.m2/repository/org/asynchttpclient/async-http-client/2.12.3/async-http-client-2.12.3.jar:/Users/psakth136/.m2/repository/org/asynchttpclient/async-http-client-netty-utils/2.12.3/async-http-client-netty-utils-2.12.3.jar:/Users/psakth136/.m2/repository/io/netty/netty-codec-socks/4.1.60.Final/netty-codec-socks-4.1.60.Final.jar:/Users/psakth136/.m2/repository/io/netty/netty-handler-proxy/4.1.60.Final/netty-handler-proxy-4.1.60.Final.jar:/Users/psakth136/.m2/repository/io/netty/netty-transport-native-epoll/4.1.60.Final/netty-transport-native-epoll-4.1.60.Final-linux-x86_64.jar:/Users/psakth136/.m2/repository/io/netty/netty-transport-native-kqueue/4.1.60.Final/netty-transport-native-kqueue-4.1.60.Final-osx-x86_64.jar:/Users/psakth136/.m2/repository/com/typesafe/netty/netty-reactive-streams/2.0.4/netty-reactive-streams-2.0.4.jar:/Users/psakth136/.m2/repository/com/sun/activation/jakarta.activation/1.2.2/jakarta.activation-1.2.2.jar:/Users/psakth136/.m2/repository/org/seleniumhq/selenium/selenium-os/4.12.1/selenium-os-4.12.1.jar:/Users/psakth136/.m2/repository/org/apache/commons/commons-exec/1.3/commons-exec-1.3.jar:/Users/psakth136/.m2/repository/org/seleniumhq/selenium/selenium-safari-driver/4.12.1/selenium-safari-driver-4.12.1.jar:/Users/psakth136/.m2/repository/org/seleniumhq/selenium/selenium-support/4.12.1/selenium-support-4.12.1.jar:/Users/psakth136/.m2/repository/io/github/bonigarcia/webdrivermanager/5.5.3/webdrivermanager-5.5.3.jar:/Users/psakth136/.m2/repository/com/google/code/gson/gson/2.10.1/gson-2.10.1.jar:/Users/psakth136/.m2/repository/com/github/docker-java/docker-java/3.3.3/docker-java-3.3.3.jar:/Users/psakth136/.m2/repository/com/github/docker-java/docker-java-core/3.3.3/docker-java-core-3.3.3.jar:/Users/psakth136/.m2/repository/com/github/docker-java/docker-java-api/3.3.3/docker-java-api-3.3.3.jar:/Users/psakth136/.m2/repository/org/bouncycastle/bcpkix-jdk18on/1.75/bcpkix-jdk18on-1.75.jar:/Users/psakth136/.m2/repository/org/bouncycastle/bcprov-jdk18on/1.75/bcprov-jdk18on-1.75.jar:/Users/psakth136/.m2/repository/org/bouncycastle/bcutil-jdk18on/1.75/bcutil-jdk18on-1.75.jar:/Users/psakth136/.m2/repository/org/slf4j/jcl-over-slf4j/1.7.30/jcl-over-slf4j-1.7.30.jar:/Users/psakth136/.m2/repository/com/github/docker-java/docker-java-transport-httpclient5/3.3.3/docker-java-transport-httpclient5-3.3.3.jar:/Users/psakth136/.m2/repository/com/github/docker-java/docker-java-transport/3.3.3/docker-java-transport-3.3.3.jar:/Users/psakth136/.m2/repository/net/java/dev/jna/jna/5.12.1/jna-5.12.1.jar:/Users/psakth136/.m2/repository/org/brotli/dec/0.1.2/dec-0.1.2.jar:/Users/psakth136/.m2/repository/org/apache/commons/commons-lang3/3.13.0/commons-lang3-3.13.0.jar:/Users/psakth136/.m2/repository/org/apache/httpcomponents/client5/httpclient5/5.2.1/httpclient5-5.2.1.jar:/Users/psakth136/.m2/repository/org/apache/httpcomponents/core5/httpcore5/5.2/httpcore5-5.2.jar:/Users/psakth136/.m2/repository/org/apache/httpcomponents/core5/httpcore5-h2/5.2/httpcore5-h2-5.2.jar:/Users/psakth136/.m2/repository/org/apache/logging/log4j/log4j-api/2.17.2/log4j-api-2.17.2.jar:/Users/psakth136/.m2/repository/org/apache/logging/log4j/log4j-core/2.17.2/log4j-core-2.17.2.jar:/Users/psakth136/.m2/repository/org/apache/logging/log4j/log4j-slf4j-impl/2.17.2/log4j-slf4j-impl-2.17.2.jar:/Users/psakth136/.m2/repository/com/opencsv/opencsv/5.5.2/opencsv-5.5.2.jar:/Users/psakth136/.m2/repository/org/apache/commons/commons-text/1.9/commons-text-1.9.jar:/Users/psakth136/.m2/repository/commons-beanutils/commons-beanutils/1.9.4/commons-beanutils-1.9.4.jar:/Users/psakth136/.m2/repository/commons-collections/commons-collections/3.2.2/commons-collections-3.2.2.jar:/Users/psakth136/.m2/repository/org/apache/commons/commons-collections4/4.4/commons-collections4-4.4.jar:/Users/psakth136/.m2/repository/com/fasterxml/jackson/dataformat/jackson-dataformat-csv/2.7.0/jackson-dataformat-csv-2.7.0.jar:/Users/psakth136/.m2/repository/com/fasterxml/jackson/core/jackson-core/2.7.0/jackson-core-2.7.0.jar:/Users/psakth136/.m2/repository/com/fasterxml/jackson/core/jackson-databind/2.7.0/jackson-databind-2.7.0.jar:/Users/psakth136/.m2/repository/com/fasterxml/jackson/core/jackson-annotations/2.7.0/jackson-annotations-2.7.0.jar:/Users/psakth136/.m2/repository/com/aventstack/extentreports/5.0.5/extentreports-5.0.5.jar:/Users/psakth136/.m2/repository/io/reactivex/rxjava3/rxjava/3.0.4/rxjava-3.0.4.jar:/Users/psakth136/.m2/repository/org/reactivestreams/reactive-streams/1.0.3/reactive-streams-1.0.3.jar:/Users/psakth136/.m2/repository/org/freemarker/freemarker/2.3.30/freemarker-2.3.30.jar:/Users/psakth136/.m2/repository/org/projectlombok/lombok/1.18.24/lombok-1.18.24.jar:/Users/psakth136/.m2/repository/javax/activation/activation/1.1.1/activation-1.1.1.jar:/Users/psakth136/.m2/repository/org/apache/poi/poi/5.2.2/poi-5.2.2.jar:/Users/psakth136/.m2/repository/commons-codec/commons-codec/1.15/commons-codec-1.15.jar:/Users/psakth136/.m2/repository/org/apache/commons/commons-math3/3.6.1/commons-math3-3.6.1.jar:/Users/psakth136/.m2/repository/commons-io/commons-io/2.11.0/commons-io-2.11.0.jar:/Users/psakth136/.m2/repository/com/zaxxer/SparseBitSet/1.2/SparseBitSet-1.2.jar:/Users/psakth136/.m2/repository/org/apache/poi/poi-ooxml/5.2.2/poi-ooxml-5.2.2.jar:/Users/psakth136/.m2/repository/org/apache/poi/poi-ooxml-lite/5.2.2/poi-ooxml-lite-5.2.2.jar:/Users/psakth136/.m2/repository/org/apache/xmlbeans/xmlbeans/5.0.3/xmlbeans-5.0.3.jar:/Users/psakth136/.m2/repository/org/apache/commons/commons-compress/1.21/commons-compress-1.21.jar:/Users/psakth136/.m2/repository/com/github/virtuald/curvesapi/1.07/curvesapi-1.07.jar:/Users/psakth136/.m2/repository/net/sf/supercsv/super-csv/2.0.1/super-csv-2.0.1.jar:/Users/psakth136/.m2/repository/com/sun/mail/javax.mail/1.6.2/javax.mail-1.6.2.jar:/Users/psakth136/.m2/repository/io/rest-assured/rest-assured/4.3.0/rest-assured-4.3.0.jar:/Users/psakth136/.m2/repository/org/codehaus/groovy/groovy/3.0.2/groovy-3.0.2.jar:/Users/psakth136/.m2/repository/org/codehaus/groovy/groovy-xml/3.0.2/groovy-xml-3.0.2.jar:/Users/psakth136/.m2/repository/org/apache/httpcomponents/httpclient/4.5.3/httpclient-4.5.3.jar:/Users/psakth136/.m2/repository/org/apache/httpcomponents/httpcore/4.4.6/httpcore-4.4.6.jar:/Users/psakth136/.m2/repository/org/apache/httpcomponents/httpmime/4.5.3/httpmime-4.5.3.jar:/Users/psakth136/.m2/repository/org/hamcrest/hamcrest/2.1/hamcrest-2.1.jar:/Users/psakth136/.m2/repository/org/ccil/cowan/tagsoup/tagsoup/1.2.1/tagsoup-1.2.1.jar:/Users/psakth136/.m2/repository/io/rest-assured/json-path/4.3.0/json-path-4.3.0.jar:/Users/psakth136/.m2/repository/org/codehaus/groovy/groovy-json/3.0.2/groovy-json-3.0.2.jar:/Users/psakth136/.m2/repository/io/rest-assured/rest-assured-common/4.3.0/rest-assured-common-4.3.0.jar:/Users/psakth136/.m2/repository/io/rest-assured/xml-path/4.3.0/xml-path-4.3.0.jar:/Users/psakth136/.m2/repository/jakarta/xml/bind/jakarta.xml.bind-api/2.3.2/jakarta.xml.bind-api-2.3.2.jar:/Users/psakth136/.m2/repository/jakarta/activation/jakarta.activation-api/1.2.1/jakarta.activation-api-1.2.1.jar:/Users/psakth136/.m2/repository/com/sun/xml/bind/jaxb-osgi/2.3.0.1/jaxb-osgi-2.3.0.1.jar:/Users/psakth136/.m2/repository/org/apache/sling/org.apache.sling.javax.activation/0.1.0/org.apache.sling.javax.activation-0.1.0.jar:/Users/psakth136/.m2/repository/io/rest-assured/json-schema-validator/4.3.0/json-schema-validator-4.3.0.jar:/Users/psakth136/.m2/repository/com/github/java-json-tools/json-schema-validator/2.2.10/json-schema-validator-2.2.10.jar:/Users/psakth136/.m2/repository/com/github/java-json-tools/json-schema-core/1.2.10/json-schema-core-1.2.10.jar:/Users/psakth136/.m2/repository/com/github/java-json-tools/jackson-coreutils/1.9/jackson-coreutils-1.9.jar:/Users/psakth136/.m2/repository/com/github/fge/msg-simple/1.1/msg-simple-1.1.jar:/Users/psakth136/.m2/repository/com/github/fge/btf/1.2/btf-1.2.jar:/Users/psakth136/.m2/repository/com/github/fge/uri-template/0.9/uri-template-0.9.jar:/Users/psakth136/.m2/repository/org/mozilla/rhino/1.7.7.1/rhino-1.7.7.1.jar:/Users/psakth136/.m2/repository/javax/mail/mailapi/1.4.3/mailapi-1.4.3.jar:/Users/psakth136/.m2/repository/com/googlecode/libphonenumber/libphonenumber/8.0.0/libphonenumber-8.0.0.jar:/Users/psakth136/.m2/repository/com/google/code/findbugs/jsr305/3.0.1/jsr305-3.0.1.jar:/Users/psakth136/.m2/repository/net/sf/jopt-simple/jopt-simple/5.0.3/jopt-simple-5.0.3.jar:/Users/psakth136/.m2/repository/com/googlecode/json-simple/json-simple/1.1.1/json-simple-1.1.1.jar:/Users/psakth136/.m2/repository/junit/junit/4.10/junit-4.10.jar:/Users/psakth136/.m2/repository/org/hamcrest/hamcrest-core/1.1/hamcrest-core-1.1.jar:/Users/psakth136/.m2/repository/org/skyscreamer/jsonassert/1.5.0/jsonassert-1.5.0.jar:/Users/psakth136/.m2/repository/com/vaadin/external/google/android-json/0.0.20131108.vaadin1/android-json-0.0.20131108.vaadin1.jar:/Users/psakth136/.m2/repository/org/eclipse/jgit/org.eclipse.jgit/3.5.0.201409260305-r/org.eclipse.jgit-3.5.0.201409260305-r.jar:/Users/psakth136/.m2/repository/com/jcraft/jsch/0.1.50/jsch-0.1.50.jar:/Users/psakth136/.m2/repository/com/googlecode/javaewah/JavaEWAH/0.7.9/JavaEWAH-0.7.9.jar:/Users/psakth136/.m2/repository/log4j/log4j/1.2.17/log4j-1.2.17.jar:/Users/psakth136/.m2/repository/com/amazonaws/aws-java-sdk/1.12.576/aws-java-sdk-1.12.576.jar:/Users/psakth136/.m2/repository/com/amazonaws/aws-java-sdk-datazoneexternal/1.12.576/aws-java-sdk-datazoneexternal-1.12.576.jar:/Users/psakth136/.m2/repository/com/amazonaws/jmespath-java/1.12.1/jmespath-java-1.12.1.jar:/Users/psakth136/.m2/repository/com/amazonaws/aws-java-sdk-bedrock/1.12.576/aws-java-sdk-bedrock-1.12.576.jar:/Users/psakth136/.m2/repository/com/amazonaws/aws-java-sdk-bedrockruntime/1.12.576/aws-java-sdk-bedrockruntime-1.12.576.jar:/Users/psakth136/.m2/repository/com/amazonaws/aws-java-sdk-neptunedata/1.12.576/aws-java-sdk-neptunedata-1.12.576.jar:/Users/psakth136/.m2/repository/com/amazonaws/aws-java-sdk-pcaconnectorad/1.12.576/aws-java-sdk-pcaconnectorad-1.12.576.jar:/Users/psakth136/.m2/repository/com/amazonaws/aws-java-sdk-managedblockchainquery/1.12.576/aws-java-sdk-managedblockchainquery-1.12.576.jar:/Users/psakth136/.m2/repository/com/amazonaws/aws-java-sdk-entityresolution/1.12.576/aws-java-sdk-entityresolution-1.12.576.jar:/Users/psakth136/.m2/repository/com/amazonaws/aws-java-sdk-medicalimaging/1.12.576/aws-java-sdk-medicalimaging-1.12.576.jar:/Users/psakth136/.m2/repository/com/amazonaws/aws-java-sdk-appfabric/1.12.576/aws-java-sdk-appfabric-1.12.576.jar:/Users/psakth136/.m2/repository/com/amazonaws/aws-java-sdk-verifiedpermissions/1.12.576/aws-java-sdk-verifiedpermissions-1.12.576.jar:/Users/psakth136/.m2/repository/com/amazonaws/aws-java-sdk-codegurusecurity/1.12.576/aws-java-sdk-codegurusecurity-1.12.576.jar:/Users/psakth136/.m2/repository/com/amazonaws/aws-java-sdk-paymentcryptography/1.12.576/aws-java-sdk-paymentcryptography-1.12.576.jar:/Users/psakth136/.m2/repository/com/amazonaws/aws-java-sdk-paymentcryptographydata/1.12.576/aws-java-sdk-paymentcryptographydata-1.12.576.jar:/Users/psakth136/.m2/repository/com/amazonaws/aws-java-sdk-mediapackagev2/1.12.576/aws-java-sdk-mediapackagev2-1.12.576.jar:/Users/psakth136/.m2/repository/com/amazonaws/aws-java-sdk-osis/1.12.576/aws-java-sdk-osis-1.12.576.jar:/Users/psakth136/.m2/repository/com/amazonaws/aws-java-sdk-vpclattice/1.12.576/aws-java-sdk-vpclattice-1.12.576.jar:/Users/psakth136/.m2/repository/com/amazonaws/aws-java-sdk-ivsrealtime/1.12.576/aws-java-sdk-ivsrealtime-1.12.576.jar:/Users/psakth136/.m2/repository/com/amazonaws/aws-java-sdk-internetmonitor/1.12.576/aws-java-sdk-internetmonitor-1.12.576.jar:/Users/psakth136/.m2/repository/com/amazonaws/aws-java-sdk-tnb/1.12.576/aws-java-sdk-tnb-1.12.576.jar:/Users/psakth136/.m2/repository/com/amazonaws/aws-java-sdk-cloudtraildata/1.12.576/aws-java-sdk-cloudtraildata-1.12.576.jar:/Users/psakth136/.m2/repository/com/amazonaws/aws-java-sdk-cleanrooms/1.12.576/aws-java-sdk-cleanrooms-1.12.576.jar:/Users/psakth136/.m2/repository/com/amazonaws/aws-java-sdk-kendraranking/1.12.576/aws-java-sdk-kendraranking-1.12.576.jar:/Users/psakth136/.m2/repository/com/amazonaws/aws-java-sdk-licensemanagerlinuxsubscriptions/1.12.576/aws-java-sdk-licensemanagerlinuxsubscriptions-1.12.576.jar:/Users/psakth136/.m2/repository/com/amazonaws/aws-java-sdk-kinesisvideowebrtcstorage/1.12.576/aws-java-sdk-kinesisvideowebrtcstorage-1.12.576.jar:/Users/psakth136/.m2/repository/com/amazonaws/aws-java-sdk-sagemakermetrics/1.12.576/aws-java-sdk-sagemakermetrics-1.12.576.jar:/Users/psakth136/.m2/repository/com/amazonaws/aws-java-sdk-pipes/1.12.576/aws-java-sdk-pipes-1.12.576.jar:/Users/psakth136/.m2/repository/com/amazonaws/aws-java-sdk-sagemakergeospatial/1.12.576/aws-java-sdk-sagemakergeospatial-1.12.576.jar:/Users/psakth136/.m2/repository/com/amazonaws/aws-java-sdk-docdbelastic/1.12.576/aws-java-sdk-docdbelastic-1.12.576.jar:/Users/psakth136/.m2/repository/com/amazonaws/aws-java-sdk-omics/1.12.576/aws-java-sdk-omics-1.12.576.jar:/Users/psakth136/.m2/repository/com/amazonaws/aws-java-sdk-opensearchserverless/1.12.576/aws-java-sdk-opensearchserverless-1.12.576.jar:/Users/psakth136/.m2/repository/com/amazonaws/aws-java-sdk-securitylake/1.12.576/aws-java-sdk-securitylake-1.12.576.jar:/Users/psakth136/.m2/repository/com/amazonaws/aws-java-sdk-simspaceweaver/1.12.576/aws-java-sdk-simspaceweaver-1.12.576.jar:/Users/psakth136/.m2/repository/com/amazonaws/aws-java-sdk-arczonalshift/1.12.576/aws-java-sdk-arczonalshift-1.12.576.jar:/Users/psakth136/.m2/repository/com/amazonaws/aws-java-sdk-oam/1.12.576/aws-java-sdk-oam-1.12.576.jar:/Users/psakth136/.m2/repository/com/amazonaws/aws-java-sdk-iotroborunner/1.12.576/aws-java-sdk-iotroborunner-1.12.576.jar:/Users/psakth136/.m2/repository/com/amazonaws/aws-java-sdk-chimesdkvoice/1.12.576/aws-java-sdk-chimesdkvoice-1.12.576.jar:/Users/psakth136/.m2/repository/com/amazonaws/aws-java-sdk-ssmsap/1.12.576/aws-java-sdk-ssmsap-1.12.576.jar:/Users/psakth136/.m2/repository/com/amazonaws/aws-java-sdk-scheduler/1.12.576/aws-java-sdk-scheduler-1.12.576.jar:/Users/psakth136/.m2/repository/com/amazonaws/aws-java-sdk-resourceexplorer2/1.12.576/aws-java-sdk-resourceexplorer2-1.12.576.jar:/Users/psakth136/.m2/repository/com/amazonaws/aws-java-sdk-connectcases/1.12.576/aws-java-sdk-connectcases-1.12.576.jar:/Users/psakth136/.m2/repository/com/amazonaws/aws-java-sdk-migrationhuborchestrator/1.12.576/aws-java-sdk-migrationhuborchestrator-1.12.576.jar:/Users/psakth136/.m2/repository/com/amazonaws/aws-java-sdk-iotfleetwise/1.12.576/aws-java-sdk-iotfleetwise-1.12.576.jar:/Users/psakth136/.m2/repository/com/amazonaws/aws-java-sdk-controltower/1.12.576/aws-java-sdk-controltower-1.12.576.jar:/Users/psakth136/.m2/repository/com/amazonaws/aws-java-sdk-supportapp/1.12.576/aws-java-sdk-supportapp-1.12.576.jar:/Users/psakth136/.m2/repository/com/amazonaws/aws-java-sdk-private5g/1.12.576/aws-java-sdk-private5g-1.12.576.jar:/Users/psakth136/.m2/repository/com/amazonaws/aws-java-sdk-backupstorage/1.12.576/aws-java-sdk-backupstorage-1.12.576.jar:/Users/psakth136/.m2/repository/com/amazonaws/aws-java-sdk-licensemanagerusersubscriptions/1.12.576/aws-java-sdk-licensemanagerusersubscriptions-1.12.576.jar:/Users/psakth136/.m2/repository/com/amazonaws/aws-java-sdk-iamrolesanywhere/1.12.576/aws-java-sdk-iamrolesanywhere-1.12.576.jar:/Users/psakth136/.m2/repository/com/amazonaws/aws-java-sdk-redshiftserverless/1.12.576/aws-java-sdk-redshiftserverless-1.12.576.jar:/Users/psakth136/.m2/repository/com/amazonaws/aws-java-sdk-connectcampaign/1.12.576/aws-java-sdk-connectcampaign-1.12.576.jar:/Users/psakth136/.m2/repository/com/amazonaws/aws-java-sdk-mainframemodernization/1.12.576/aws-java-sdk-mainframemodernization-1.12.576.jar:/Users/psakth136/.m2/repository/com/amazonaws/aws-java-sdk-emrserverless/1.12.576/aws-java-sdk-emrserverless-1.12.576.jar:/Users/psakth136/.m2/repository/com/amazonaws/aws-java-sdk-chimesdkmediapipelines/1.12.576/aws-java-sdk-chimesdkmediapipelines-1.12.576.jar:/Users/psakth136/.m2/repository/com/amazonaws/aws-java-sdk-ivschat/1.12.576/aws-java-sdk-ivschat-1.12.576.jar:/Users/psakth136/.m2/repository/com/amazonaws/aws-java-sdk-pinpointsmsvoicev2/1.12.576/aws-java-sdk-pinpointsmsvoicev2-1.12.576.jar:/Users/psakth136/.m2/repository/com/amazonaws/aws-java-sdk-billingconductor/1.12.576/aws-java-sdk-billingconductor-1.12.576.jar:/Users/psakth136/.m2/repository/com/amazonaws/aws-java-sdk-keyspaces/1.12.576/aws-java-sdk-keyspaces-1.12.576.jar:/Users/psakth136/.m2/repository/com/amazonaws/aws-java-sdk-amplifyuibuilder/1.12.576/aws-java-sdk-amplifyuibuilder-1.12.576.jar:/Users/psakth136/.m2/repository/com/amazonaws/aws-java-sdk-backupgateway/1.12.576/aws-java-sdk-backupgateway-1.12.576.jar:/Users/psakth136/.m2/repository/com/amazonaws/aws-java-sdk-workspacesweb/1.12.576/aws-java-sdk-workspacesweb-1.12.576.jar:/Users/psakth136/.m2/repository/com/amazonaws/aws-java-sdk-iottwinmaker/1.12.576/aws-java-sdk-iottwinmaker-1.12.576.jar:/Users/psakth136/.m2/repository/com/amazonaws/aws-java-sdk-recyclebin/1.12.576/aws-java-sdk-recyclebin-1.12.576.jar:/Users/psakth136/.m2/repository/com/amazonaws/aws-java-sdk-cloudwatchrum/1.12.576/aws-java-sdk-cloudwatchrum-1.12.576.jar:/Users/psakth136/.m2/repository/com/amazonaws/aws-java-sdk-cloudwatchevidently/1.12.576/aws-java-sdk-cloudwatchevidently-1.12.576.jar:/Users/psakth136/.m2/repository/com/amazonaws/aws-java-sdk-inspector2/1.12.576/aws-java-sdk-inspector2-1.12.576.jar:/Users/psakth136/.m2/repository/com/amazonaws/aws-java-sdk-migrationhubrefactorspaces/1.12.576/aws-java-sdk-migrationhubrefactorspaces-1.12.576.jar:/Users/psakth136/.m2/repository/com/amazonaws/aws-java-sdk-appconfigdata/1.12.576/aws-java-sdk-appconfigdata-1.12.576.jar:/Users/psakth136/.m2/repository/com/amazonaws/aws-java-sdk-drs/1.12.576/aws-java-sdk-drs-1.12.576.jar:/Users/psakth136/.m2/repository/com/amazonaws/aws-java-sdk-migrationhubstrategyrecommendations/1.12.576/aws-java-sdk-migrationhubstrategyrecommendations-1.12.576.jar:/Users/psakth136/.m2/repository/com/amazonaws/aws-java-sdk-resiliencehub/1.12.576/aws-java-sdk-resiliencehub-1.12.576.jar:/Users/psakth136/.m2/repository/com/amazonaws/aws-java-sdk-chimesdkmeetings/1.12.576/aws-java-sdk-chimesdkmeetings-1.12.576.jar:/Users/psakth136/.m2/repository/com/amazonaws/aws-java-sdk-panorama/1.12.576/aws-java-sdk-panorama-1.12.576.jar:/Users/psakth136/.m2/repository/com/amazonaws/aws-java-sdk-managedgrafana/1.12.576/aws-java-sdk-managedgrafana-1.12.576.jar:/Users/psakth136/.m2/repository/com/amazonaws/aws-java-sdk-cloudcontrolapi/1.12.576/aws-java-sdk-cloudcontrolapi-1.12.576.jar:/Users/psakth136/.m2/repository/com/amazonaws/aws-java-sdk-account/1.12.576/aws-java-sdk-account-1.12.576.jar:/Users/psakth136/.m2/repository/com/amazonaws/aws-java-sdk-voiceid/1.12.576/aws-java-sdk-voiceid-1.12.576.jar:/Users/psakth136/.m2/repository/com/amazonaws/aws-java-sdk-connectwisdom/1.12.576/aws-java-sdk-connectwisdom-1.12.576.jar:/Users/psakth136/.m2/repository/com/amazonaws/aws-java-sdk-kafkaconnect/1.12.576/aws-java-sdk-kafkaconnect-1.12.576.jar:/Users/psakth136/.m2/repository/com/amazonaws/aws-java-sdk-opensearch/1.12.576/aws-java-sdk-opensearch-1.12.576.jar:/Users/psakth136/.m2/repository/com/amazonaws/aws-java-sdk-memorydb/1.12.576/aws-java-sdk-memorydb-1.12.576.jar:/Users/psakth136/.m2/repository/com/amazonaws/aws-java-sdk-snowdevicemanagement/1.12.576/aws-java-sdk-snowdevicemanagement-1.12.576.jar:/Users/psakth136/.m2/repository/com/amazonaws/aws-java-sdk-chimesdkidentity/1.12.576/aws-java-sdk-chimesdkidentity-1.12.576.jar:/Users/psakth136/.m2/repository/com/amazonaws/aws-java-sdk-chimesdkmessaging/1.12.576/aws-java-sdk-chimesdkmessaging-1.12.576.jar:/Users/psakth136/.m2/repository/com/amazonaws/aws-java-sdk-route53recoverycluster/1.12.576/aws-java-sdk-route53recoverycluster-1.12.576.jar:/Users/psakth136/.m2/repository/com/amazonaws/aws-java-sdk-route53recoverycontrolconfig/1.12.576/aws-java-sdk-route53recoverycontrolconfig-1.12.576.jar:/Users/psakth136/.m2/repository/com/amazonaws/aws-java-sdk-route53recoveryreadiness/1.12.576/aws-java-sdk-route53recoveryreadiness-1.12.576.jar:/Users/psakth136/.m2/repository/com/amazonaws/aws-java-sdk-proton/1.12.576/aws-java-sdk-proton-1.12.576.jar:/Users/psakth136/.m2/repository/com/amazonaws/aws-java-sdk-apprunner/1.12.1/aws-java-sdk-apprunner-1.12.1.jar:/Users/psakth136/.m2/repository/com/amazonaws/aws-java-sdk-applicationcostprofiler/1.12.1/aws-java-sdk-applicationcostprofiler-1.12.1.jar:/Users/psakth136/.m2/repository/com/amazonaws/aws-java-sdk-ssmcontacts/1.12.1/aws-java-sdk-ssmcontacts-1.12.1.jar:/Users/psakth136/.m2/repository/com/amazonaws/aws-java-sdk-ssmincidents/1.12.1/aws-java-sdk-ssmincidents-1.12.1.jar:/Users/psakth136/.m2/repository/com/amazonaws/aws-java-sdk-finspacedata/1.12.1/aws-java-sdk-finspacedata-1.12.1.jar:/Users/psakth136/.m2/repository/com/amazonaws/aws-java-sdk-finspace/1.12.1/aws-java-sdk-finspace-1.12.1.jar:/Users/psakth136/.m2/repository/com/amazonaws/aws-java-sdk-nimblestudio/1.12.1/aws-java-sdk-nimblestudio-1.12.1.jar:/Users/psakth136/.m2/repository/com/amazonaws/aws-java-sdk-lookoutequipment/1.12.1/aws-java-sdk-lookoutequipment-1.12.1.jar:/Users/psakth136/.m2/repository/com/amazonaws/aws-java-sdk-mgn/1.12.1/aws-java-sdk-mgn-1.12.1.jar:/Users/psakth136/.m2/repository/com/amazonaws/aws-java-sdk-lookoutmetrics/1.12.1/aws-java-sdk-lookoutmetrics-1.12.1.jar:/Users/psakth136/.m2/repository/com/amazonaws/aws-java-sdk-fis/1.12.1/aws-java-sdk-fis-1.12.1.jar:/Users/psakth136/.m2/repository/com/amazonaws/aws-java-sdk-lexmodelsv2/1.12.1/aws-java-sdk-lexmodelsv2-1.12.1.jar:/Users/psakth136/.m2/repository/com/amazonaws/aws-java-sdk-lexruntimev2/1.12.1/aws-java-sdk-lexruntimev2-1.12.1.jar:/Users/psakth136/.m2/repository/com/amazonaws/aws-java-sdk-wellarchitected/1.12.1/aws-java-sdk-wellarchitected-1.12.1.jar:/Users/psakth136/.m2/repository/com/amazonaws/aws-java-sdk-location/1.12.1/aws-java-sdk-location-1.12.1.jar:/Users/psakth136/.m2/repository/com/amazonaws/aws-java-sdk-iotdeviceadvisor/1.12.1/aws-java-sdk-iotdeviceadvisor-1.12.1.jar:/Users/psakth136/.m2/repository/com/amazonaws/aws-java-sdk-iotfleethub/1.12.1/aws-java-sdk-iotfleethub-1.12.1.jar:/Users/psakth136/.m2/repository/com/amazonaws/aws-java-sdk-iotwireless/1.12.1/aws-java-sdk-iotwireless-1.12.1.jar:/Users/psakth136/.m2/repository/com/amazonaws/aws-java-sdk-greengrassv2/1.12.1/aws-java-sdk-greengrassv2-1.12.1.jar:/Users/psakth136/.m2/repository/com/amazonaws/aws-java-sdk-prometheus/1.12.1/aws-java-sdk-prometheus-1.12.1.jar:/Users/psakth136/.m2/repository/com/amazonaws/aws-java-sdk-auditmanager/1.12.1/aws-java-sdk-auditmanager-1.12.1.jar:/Users/psakth136/.m2/repository/com/amazonaws/aws-java-sdk-healthlake/1.12.1/aws-java-sdk-healthlake-1.12.1.jar:/Users/psakth136/.m2/repository/com/amazonaws/aws-java-sdk-sagemakeredgemanager/1.12.1/aws-java-sdk-sagemakeredgemanager-1.12.1.jar:/Users/psakth136/.m2/repository/com/amazonaws/aws-java-sdk-emrcontainers/1.12.1/aws-java-sdk-emrcontainers-1.12.1.jar:/Users/psakth136/.m2/repository/com/amazonaws/aws-java-sdk-customerprofiles/1.12.1/aws-java-sdk-customerprofiles-1.12.1.jar:/Users/psakth136/.m2/repository/com/amazonaws/aws-java-sdk-lookoutforvision/1.12.1/aws-java-sdk-lookoutforvision-1.12.1.jar:/Users/psakth136/.m2/repository/com/amazonaws/aws-java-sdk-connectcontactlens/1.12.1/aws-java-sdk-connectcontactlens-1.12.1.jar:/Users/psakth136/.m2/repository/com/amazonaws/aws-java-sdk-amplifybackend/1.12.1/aws-java-sdk-amplifybackend-1.12.1.jar:/Users/psakth136/.m2/repository/com/amazonaws/aws-java-sdk-ecrpublic/1.12.1/aws-java-sdk-ecrpublic-1.12.1.jar:/Users/psakth136/.m2/repository/com/amazonaws/aws-java-sdk-appintegrations/1.12.1/aws-java-sdk-appintegrations-1.12.1.jar:/Users/psakth136/.m2/repository/com/amazonaws/aws-java-sdk-sagemakerfeaturestoreruntime/1.12.1/aws-java-sdk-sagemakerfeaturestoreruntime-1.12.1.jar:/Users/psakth136/.m2/repository/com/amazonaws/aws-java-sdk-devopsguru/1.12.1/aws-java-sdk-devopsguru-1.12.1.jar:/Users/psakth136/.m2/repository/com/amazonaws/aws-java-sdk-mwaa/1.12.1/aws-java-sdk-mwaa-1.12.1.jar:/Users/psakth136/.m2/repository/com/amazonaws/aws-java-sdk-networkfirewall/1.12.1/aws-java-sdk-networkfirewall-1.12.1.jar:/Users/psakth136/.m2/repository/com/amazonaws/aws-java-sdk-appregistry/1.12.1/aws-java-sdk-appregistry-1.12.1.jar:/Users/psakth136/.m2/repository/com/amazonaws/aws-java-sdk-gluedatabrew/1.12.1/aws-java-sdk-gluedatabrew-1.12.1.jar:/Users/psakth136/.m2/repository/com/amazonaws/aws-java-sdk-s3outposts/1.12.1/aws-java-sdk-s3outposts-1.12.1.jar:/Users/psakth136/.m2/repository/com/amazonaws/aws-java-sdk-timestreamquery/1.12.1/aws-java-sdk-timestreamquery-1.12.1.jar:/Users/psakth136/.m2/repository/com/amazonaws/aws-java-sdk-timestreamwrite/1.12.1/aws-java-sdk-timestreamwrite-1.12.1.jar:/Users/psakth136/.m2/repository/com/amazonaws/aws-java-sdk-ssoadmin/1.12.1/aws-java-sdk-ssoadmin-1.12.1.jar:/Users/psakth136/.m2/repository/com/amazonaws/aws-java-sdk-redshiftdataapi/1.12.1/aws-java-sdk-redshiftdataapi-1.12.1.jar:/Users/psakth136/.m2/repository/com/amazonaws/aws-java-sdk-appflow/1.12.1/aws-java-sdk-appflow-1.12.1.jar:/Users/psakth136/.m2/repository/com/amazonaws/aws-java-sdk-identitystore/1.12.1/aws-java-sdk-identitystore-1.12.1.jar:/Users/psakth136/.m2/repository/com/amazonaws/aws-java-sdk-braket/1.12.1/aws-java-sdk-braket-1.12.1.jar:/Users/psakth136/.m2/repository/com/amazonaws/aws-java-sdk-ivs/1.12.1/aws-java-sdk-ivs-1.12.1.jar:/Users/psakth136/.m2/repository/com/amazonaws/aws-java-sdk-honeycode/1.12.1/aws-java-sdk-honeycode-1.12.1.jar:/Users/psakth136/.m2/repository/com/amazonaws/aws-java-sdk-codeartifact/1.12.1/aws-java-sdk-codeartifact-1.12.1.jar:/Users/psakth136/.m2/repository/com/amazonaws/aws-java-sdk-macie2/1.12.1/aws-java-sdk-macie2-1.12.1.jar:/Users/psakth136/.m2/repository/com/amazonaws/aws-java-sdk-iotsitewise/1.12.1/aws-java-sdk-iotsitewise-1.12.1.jar:/Users/psakth136/.m2/repository/com/amazonaws/aws-java-sdk-synthetics/1.12.1/aws-java-sdk-synthetics-1.12.1.jar:/Users/psakth136/.m2/repository/com/amazonaws/aws-java-sdk-codestarconnections/1.12.1/aws-java-sdk-codestarconnections-1.12.1.jar:/Users/psakth136/.m2/repository/com/amazonaws/aws-java-sdk-detective/1.12.1/aws-java-sdk-detective-1.12.1.jar:/Users/psakth136/.m2/repository/com/amazonaws/aws-java-sdk-kinesisvideosignalingchannels/1.12.1/aws-java-sdk-kinesisvideosignalingchannels-1.12.1.jar:/Users/psakth136/.m2/repository/com/amazonaws/aws-java-sdk-ebs/1.12.1/aws-java-sdk-ebs-1.12.1.jar:/Users/psakth136/.m2/repository/com/amazonaws/aws-java-sdk-augmentedairuntime/1.12.1/aws-java-sdk-augmentedairuntime-1.12.1.jar:/Users/psakth136/.m2/repository/com/amazonaws/aws-java-sdk-outposts/1.12.1/aws-java-sdk-outposts-1.12.1.jar:/Users/psakth136/.m2/repository/com/amazonaws/aws-java-sdk-codeguruprofiler/1.12.1/aws-java-sdk-codeguruprofiler-1.12.1.jar:/Users/psakth136/.m2/repository/com/amazonaws/aws-java-sdk-codegurureviewer/1.12.1/aws-java-sdk-codegurureviewer-1.12.1.jar:/Users/psakth136/.m2/repository/com/amazonaws/aws-java-sdk-frauddetector/1.12.1/aws-java-sdk-frauddetector-1.12.1.jar:/Users/psakth136/.m2/repository/com/amazonaws/aws-java-sdk-kendra/1.12.1/aws-java-sdk-kendra-1.12.1.jar:/Users/psakth136/.m2/repository/com/amazonaws/aws-java-sdk-networkmanager/1.12.1/aws-java-sdk-networkmanager-1.12.1.jar:/Users/psakth136/.m2/repository/com/amazonaws/aws-java-sdk-computeoptimizer/1.12.1/aws-java-sdk-computeoptimizer-1.12.1.jar:/Users/psakth136/.m2/repository/com/amazonaws/aws-java-sdk-accessanalyzer/1.12.1/aws-java-sdk-accessanalyzer-1.12.1.jar:/Users/psakth136/.m2/repository/com/amazonaws/aws-java-sdk-schemas/1.12.1/aws-java-sdk-schemas-1.12.1.jar:/Users/psakth136/.m2/repository/com/amazonaws/aws-java-sdk-imagebuilder/1.12.1/aws-java-sdk-imagebuilder-1.12.1.jar:/Users/psakth136/.m2/repository/com/amazonaws/aws-java-sdk-elasticinference/1.12.1/aws-java-sdk-elasticinference-1.12.1.jar:/Users/psakth136/.m2/repository/com/amazonaws/aws-java-sdk-iotsecuretunneling/1.12.1/aws-java-sdk-iotsecuretunneling-1.12.1.jar:/Users/psakth136/.m2/repository/com/amazonaws/aws-java-sdk-appconfig/1.12.1/aws-java-sdk-appconfig-1.12.1.jar:/Users/psakth136/.m2/repository/com/amazonaws/aws-java-sdk-wafv2/1.12.1/aws-java-sdk-wafv2-1.12.1.jar:/Users/psakth136/.m2/repository/com/amazonaws/aws-java-sdk-connectparticipant/1.12.1/aws-java-sdk-connectparticipant-1.12.1.jar:/Users/psakth136/.m2/repository/com/amazonaws/aws-java-sdk-migrationhubconfig/1.12.1/aws-java-sdk-migrationhubconfig-1.12.1.jar:/Users/psakth136/.m2/repository/com/amazonaws/aws-java-sdk-dataexchange/1.12.1/aws-java-sdk-dataexchange-1.12.1.jar:/Users/psakth136/.m2/repository/com/amazonaws/aws-java-sdk-sesv2/1.12.1/aws-java-sdk-sesv2-1.12.1.jar:/Users/psakth136/.m2/repository/com/amazonaws/aws-java-sdk-marketplacecatalog/1.12.1/aws-java-sdk-marketplacecatalog-1.12.1.jar:/Users/psakth136/.m2/repository/com/amazonaws/aws-java-sdk-ssooidc/1.12.1/aws-java-sdk-ssooidc-1.12.1.jar:/Users/psakth136/.m2/repository/com/amazonaws/aws-java-sdk-sso/1.12.1/aws-java-sdk-sso-1.12.1.jar:/Users/psakth136/.m2/repository/com/amazonaws/aws-java-sdk-savingsplans/1.12.1/aws-java-sdk-savingsplans-1.12.1.jar:/Users/psakth136/.m2/repository/com/amazonaws/aws-java-sdk-codestarnotifications/1.12.1/aws-java-sdk-codestarnotifications-1.12.1.jar:/Users/psakth136/.m2/repository/com/amazonaws/aws-java-sdk-workmailmessageflow/1.12.1/aws-java-sdk-workmailmessageflow-1.12.1.jar:/Users/psakth136/.m2/repository/com/amazonaws/aws-java-sdk-qldbsession/1.12.1/aws-java-sdk-qldbsession-1.12.1.jar:/Users/psakth136/.m2/repository/com/amazonaws/aws-java-sdk-qldb/1.12.1/aws-java-sdk-qldb-1.12.1.jar:/Users/psakth136/.m2/repository/com/amazonaws/aws-java-sdk-forecastquery/1.12.1/aws-java-sdk-forecastquery-1.12.1.jar:/Users/psakth136/.m2/repository/com/amazonaws/aws-java-sdk-forecast/1.12.1/aws-java-sdk-forecast-1.12.1.jar:/Users/psakth136/.m2/repository/com/amazonaws/aws-java-sdk-lakeformation/1.12.1/aws-java-sdk-lakeformation-1.12.1.jar:/Users/psakth136/.m2/repository/com/amazonaws/aws-java-sdk-eventbridge/1.12.1/aws-java-sdk-eventbridge-1.12.1.jar:/Users/psakth136/.m2/repository/com/amazonaws/aws-java-sdk-ec2instanceconnect/1.12.1/aws-java-sdk-ec2instanceconnect-1.12.1.jar:/Users/psakth136/.m2/repository/com/amazonaws/aws-java-sdk-applicationinsights/1.12.1/aws-java-sdk-applicationinsights-1.12.1.jar:/Users/psakth136/.m2/repository/com/amazonaws/aws-java-sdk-servicequotas/1.12.1/aws-java-sdk-servicequotas-1.12.1.jar:/Users/psakth136/.m2/repository/com/amazonaws/aws-java-sdk-personalizeevents/1.12.1/aws-java-sdk-personalizeevents-1.12.1.jar:/Users/psakth136/.m2/repository/com/amazonaws/aws-java-sdk-personalize/1.12.1/aws-java-sdk-personalize-1.12.1.jar:/Users/psakth136/.m2/repository/com/amazonaws/aws-java-sdk-personalizeruntime/1.12.1/aws-java-sdk-personalizeruntime-1.12.1.jar:/Users/psakth136/.m2/repository/com/amazonaws/aws-java-sdk-ioteventsdata/1.12.1/aws-java-sdk-ioteventsdata-1.12.1.jar:/Users/psakth136/.m2/repository/com/amazonaws/aws-java-sdk-iotevents/1.12.1/aws-java-sdk-iotevents-1.12.1.jar:/Users/psakth136/.m2/repository/com/amazonaws/aws-java-sdk-iotthingsgraph/1.12.1/aws-java-sdk-iotthingsgraph-1.12.1.jar:/Users/psakth136/.m2/repository/com/amazonaws/aws-java-sdk-groundstation/1.12.1/aws-java-sdk-groundstation-1.12.1.jar:/Users/psakth136/.m2/repository/com/amazonaws/aws-java-sdk-mediapackagevod/1.12.1/aws-java-sdk-mediapackagevod-1.12.1.jar:/Users/psakth136/.m2/repository/com/amazonaws/aws-java-sdk-managedblockchain/1.12.1/aws-java-sdk-managedblockchain-1.12.1.jar:/Users/psakth136/.m2/repository/com/amazonaws/aws-java-sdk-textract/1.12.1/aws-java-sdk-textract-1.12.1.jar:/Users/psakth136/.m2/repository/com/amazonaws/aws-java-sdk-worklink/1.12.1/aws-java-sdk-worklink-1.12.1.jar:/Users/psakth136/.m2/repository/com/amazonaws/aws-java-sdk-backup/1.12.1/aws-java-sdk-backup-1.12.1.jar:/Users/psakth136/.m2/repository/com/amazonaws/aws-java-sdk-docdb/1.12.1/aws-java-sdk-docdb-1.12.1.jar:/Users/psakth136/.m2/repository/com/amazonaws/aws-java-sdk-apigatewayv2/1.12.1/aws-java-sdk-apigatewayv2-1.12.1.jar:/Users/psakth136/.m2/repository/com/amazonaws/aws-java-sdk-apigatewaymanagementapi/1.12.1/aws-java-sdk-apigatewaymanagementapi-1.12.1.jar:/Users/psakth136/.m2/repository/com/amazonaws/aws-java-sdk-kafka/1.12.1/aws-java-sdk-kafka-1.12.1.jar:/Users/psakth136/.m2/repository/com/amazonaws/aws-java-sdk-appmesh/1.12.1/aws-java-sdk-appmesh-1.12.1.jar:/Users/psakth136/.m2/repository/com/amazonaws/aws-java-sdk-licensemanager/1.12.1/aws-java-sdk-licensemanager-1.12.1.jar:/Users/psakth136/.m2/repository/com/amazonaws/aws-java-sdk-securityhub/1.12.1/aws-java-sdk-securityhub-1.12.1.jar:/Users/psakth136/.m2/repository/com/amazonaws/aws-java-sdk-fsx/1.12.1/aws-java-sdk-fsx-1.12.1.jar:/Users/psakth136/.m2/repository/com/amazonaws/aws-java-sdk-mediaconnect/1.12.1/aws-java-sdk-mediaconnect-1.12.1.jar:/Users/psakth136/.m2/repository/com/amazonaws/aws-java-sdk-kinesisanalyticsv2/1.12.1/aws-java-sdk-kinesisanalyticsv2-1.12.1.jar:/Users/psakth136/.m2/repository/com/amazonaws/aws-java-sdk-comprehendmedical/1.12.1/aws-java-sdk-comprehendmedical-1.12.1.jar:/Users/psakth136/.m2/repository/com/amazonaws/aws-java-sdk-globalaccelerator/1.12.1/aws-java-sdk-globalaccelerator-1.12.1.jar:/Users/psakth136/.m2/repository/com/amazonaws/aws-java-sdk-transfer/1.12.1/aws-java-sdk-transfer-1.12.1.jar:/Users/psakth136/.m2/repository/com/amazonaws/aws-java-sdk-datasync/1.12.1/aws-java-sdk-datasync-1.12.1.jar:/Users/psakth136/.m2/repository/com/amazonaws/aws-java-sdk-robomaker/1.12.1/aws-java-sdk-robomaker-1.12.1.jar:/Users/psakth136/.m2/repository/com/amazonaws/aws-java-sdk-amplify/1.12.1/aws-java-sdk-amplify-1.12.1.jar:/Users/psakth136/.m2/repository/com/amazonaws/aws-java-sdk-quicksight/1.12.1/aws-java-sdk-quicksight-1.12.1.jar:/Users/psakth136/.m2/repository/com/amazonaws/aws-java-sdk-rdsdata/1.12.1/aws-java-sdk-rdsdata-1.12.1.jar:/Users/psakth136/.m2/repository/com/amazonaws/aws-java-sdk-route53resolver/1.12.1/aws-java-sdk-route53resolver-1.12.1.jar:/Users/psakth136/.m2/repository/com/amazonaws/aws-java-sdk-ram/1.12.1/aws-java-sdk-ram-1.12.1.jar:/Users/psakth136/.m2/repository/com/amazonaws/aws-java-sdk-s3control/1.12.1/aws-java-sdk-s3control-1.12.1.jar:/Users/psakth136/.m2/repository/com/amazonaws/aws-java-sdk-pinpointsmsvoice/1.12.1/aws-java-sdk-pinpointsmsvoice-1.12.1.jar:/Users/psakth136/.m2/repository/com/amazonaws/aws-java-sdk-pinpointemail/1.12.1/aws-java-sdk-pinpointemail-1.12.1.jar:/Users/psakth136/.m2/repository/com/amazonaws/aws-java-sdk-chime/1.12.1/aws-java-sdk-chime-1.12.1.jar:/Users/psakth136/.m2/repository/com/amazonaws/aws-java-sdk-signer/1.12.1/aws-java-sdk-signer-1.12.1.jar:/Users/psakth136/.m2/repository/com/amazonaws/aws-java-sdk-dlm/1.12.1/aws-java-sdk-dlm-1.12.1.jar:/Users/psakth136/.m2/repository/com/amazonaws/aws-java-sdk-macie/1.12.1/aws-java-sdk-macie-1.12.1.jar:/Users/psakth136/.m2/repository/com/amazonaws/aws-java-sdk-eks/1.12.1/aws-java-sdk-eks-1.12.1.jar:/Users/psakth136/.m2/repository/com/amazonaws/aws-java-sdk-mediatailor/1.12.1/aws-java-sdk-mediatailor-1.12.1.jar:/Users/psakth136/.m2/repository/com/amazonaws/aws-java-sdk-neptune/1.12.1/aws-java-sdk-neptune-1.12.1.jar:/Users/psakth136/.m2/repository/com/amazonaws/aws-java-sdk-pi/1.12.1/aws-java-sdk-pi-1.12.1.jar:/Users/psakth136/.m2/repository/com/amazonaws/aws-java-sdk-iot1clickprojects/1.12.1/aws-java-sdk-iot1clickprojects-1.12.1.jar:/Users/psakth136/.m2/repository/com/amazonaws/aws-java-sdk-iot1clickdevices/1.12.1/aws-java-sdk-iot1clickdevices-1.12.1.jar:/Users/psakth136/.m2/repository/com/amazonaws/aws-java-sdk-iotanalytics/1.12.1/aws-java-sdk-iotanalytics-1.12.1.jar:/Users/psakth136/.m2/repository/com/amazonaws/aws-java-sdk-acmpca/1.12.1/aws-java-sdk-acmpca-1.12.1.jar:/Users/psakth136/.m2/repository/com/amazonaws/aws-java-sdk-secretsmanager/1.12.1/aws-java-sdk-secretsmanager-1.12.1.jar:/Users/psakth136/.m2/repository/com/amazonaws/aws-java-sdk-fms/1.12.1/aws-java-sdk-fms-1.12.1.jar:/Users/psakth136/.m2/repository/com/amazonaws/aws-java-sdk-connect/1.12.1/aws-java-sdk-connect-1.12.1.jar:/Users/psakth136/.m2/repository/com/amazonaws/aws-java-sdk-transcribe/1.12.1/aws-java-sdk-transcribe-1.12.1.jar:/Users/psakth136/.m2/repository/com/amazonaws/aws-java-sdk-autoscalingplans/1.12.1/aws-java-sdk-autoscalingplans-1.12.1.jar:/Users/psakth136/.m2/repository/com/amazonaws/aws-java-sdk-workmail/1.12.1/aws-java-sdk-workmail-1.12.1.jar:/Users/psakth136/.m2/repository/com/amazonaws/aws-java-sdk-servicediscovery/1.12.1/aws-java-sdk-servicediscovery-1.12.1.jar:/Users/psakth136/.m2/repository/com/amazonaws/aws-java-sdk-cloud9/1.12.1/aws-java-sdk-cloud9-1.12.1.jar:/Users/psakth136/.m2/repository/com/amazonaws/aws-java-sdk-serverlessapplicationrepository/1.12.1/aws-java-sdk-serverlessapplicationrepository-1.12.1.jar:/Users/psakth136/.m2/repository/com/amazonaws/aws-java-sdk-alexaforbusiness/1.12.1/aws-java-sdk-alexaforbusiness-1.12.1.jar:/Users/psakth136/.m2/repository/com/amazonaws/aws-java-sdk-resourcegroups/1.12.1/aws-java-sdk-resourcegroups-1.12.1.jar:/Users/psakth136/.m2/repository/com/amazonaws/aws-java-sdk-comprehend/1.12.1/aws-java-sdk-comprehend-1.12.1.jar:/Users/psakth136/.m2/repository/com/amazonaws/aws-java-sdk-translate/1.12.1/aws-java-sdk-translate-1.12.1.jar:/Users/psakth136/.m2/repository/com/amazonaws/aws-java-sdk-sagemaker/1.12.1/aws-java-sdk-sagemaker-1.12.1.jar:/Users/psakth136/.m2/repository/com/amazonaws/aws-java-sdk-iotjobsdataplane/1.12.1/aws-java-sdk-iotjobsdataplane-1.12.1.jar:/Users/psakth136/.m2/repository/com/amazonaws/aws-java-sdk-sagemakerruntime/1.12.1/aws-java-sdk-sagemakerruntime-1.12.1.jar:/Users/psakth136/.m2/repository/com/amazonaws/aws-java-sdk-kinesisvideo/1.12.1/aws-java-sdk-kinesisvideo-1.12.1.jar:/Users/psakth136/.m2/repository/io/netty/netty-handler/4.1.61.Final/netty-handler-4.1.61.Final.jar:/Users/psakth136/.m2/repository/com/amazonaws/aws-java-sdk-appsync/1.12.1/aws-java-sdk-appsync-1.12.1.jar:/Users/psakth136/.m2/repository/com/amazonaws/aws-java-sdk-guardduty/1.12.1/aws-java-sdk-guardduty-1.12.1.jar:/Users/psakth136/.m2/repository/com/amazonaws/aws-java-sdk-mq/1.12.1/aws-java-sdk-mq-1.12.1.jar:/Users/psakth136/.m2/repository/com/amazonaws/aws-java-sdk-mediaconvert/1.12.1/aws-java-sdk-mediaconvert-1.12.1.jar:/Users/psakth136/.m2/repository/com/amazonaws/aws-java-sdk-mediastore/1.12.1/aws-java-sdk-mediastore-1.12.1.jar:/Users/psakth136/.m2/repository/com/amazonaws/aws-java-sdk-mediastoredata/1.12.1/aws-java-sdk-mediastoredata-1.12.1.jar:/Users/psakth136/.m2/repository/com/amazonaws/aws-java-sdk-medialive/1.12.1/aws-java-sdk-medialive-1.12.1.jar:/Users/psakth136/.m2/repository/com/amazonaws/aws-java-sdk-mediapackage/1.12.1/aws-java-sdk-mediapackage-1.12.1.jar:/Users/psakth136/.m2/repository/com/amazonaws/aws-java-sdk-costexplorer/1.12.1/aws-java-sdk-costexplorer-1.12.1.jar:/Users/psakth136/.m2/repository/com/amazonaws/aws-java-sdk-pricing/1.12.1/aws-java-sdk-pricing-1.12.1.jar:/Users/psakth136/.m2/repository/com/amazonaws/aws-java-sdk-mobile/1.12.1/aws-java-sdk-mobile-1.12.1.jar:/Users/psakth136/.m2/repository/com/amazonaws/aws-java-sdk-cloudhsmv2/1.12.1/aws-java-sdk-cloudhsmv2-1.12.1.jar:/Users/psakth136/.m2/repository/com/amazonaws/aws-java-sdk-glue/1.12.1/aws-java-sdk-glue-1.12.1.jar:/Users/psakth136/.m2/repository/com/amazonaws/aws-java-sdk-migrationhub/1.12.1/aws-java-sdk-migrationhub-1.12.1.jar:/Users/psakth136/.m2/repository/com/amazonaws/aws-java-sdk-dax/1.12.1/aws-java-sdk-dax-1.12.1.jar:/Users/psakth136/.m2/repository/com/amazonaws/aws-java-sdk-greengrass/1.12.1/aws-java-sdk-greengrass-1.12.1.jar:/Users/psakth136/.m2/repository/com/amazonaws/aws-java-sdk-athena/1.12.1/aws-java-sdk-athena-1.12.1.jar:/Users/psakth136/.m2/repository/com/amazonaws/aws-java-sdk-marketplaceentitlement/1.12.1/aws-java-sdk-marketplaceentitlement-1.12.1.jar:/Users/psakth136/.m2/repository/com/amazonaws/aws-java-sdk-codestar/1.12.1/aws-java-sdk-codestar-1.12.1.jar:/Users/psakth136/.m2/repository/com/amazonaws/aws-java-sdk-lexmodelbuilding/1.12.1/aws-java-sdk-lexmodelbuilding-1.12.1.jar:/Users/psakth136/.m2/repository/com/amazonaws/aws-java-sdk-resourcegroupstaggingapi/1.12.1/aws-java-sdk-resourcegroupstaggingapi-1.12.1.jar:/Users/psakth136/.m2/repository/com/amazonaws/aws-java-sdk-pinpoint/1.12.1/aws-java-sdk-pinpoint-1.12.1.jar:/Users/psakth136/.m2/repository/com/amazonaws/aws-java-sdk-xray/1.12.1/aws-java-sdk-xray-1.12.1.jar:/Users/psakth136/.m2/repository/com/amazonaws/aws-java-sdk-opsworkscm/1.12.1/aws-java-sdk-opsworkscm-1.12.1.jar:/Users/psakth136/.m2/repository/com/amazonaws/aws-java-sdk-support/1.12.1/aws-java-sdk-support-1.12.1.jar:/Users/psakth136/.m2/repository/com/amazonaws/aws-java-sdk-simpledb/1.12.1/aws-java-sdk-simpledb-1.12.1.jar:/Users/psakth136/.m2/repository/com/amazonaws/aws-java-sdk-servicecatalog/1.12.1/aws-java-sdk-servicecatalog-1.12.1.jar:/Users/psakth136/.m2/repository/com/amazonaws/aws-java-sdk-servermigration/1.12.1/aws-java-sdk-servermigration-1.12.1.jar:/Users/psakth136/.m2/repository/com/amazonaws/aws-java-sdk-simpleworkflow/1.12.1/aws-java-sdk-simpleworkflow-1.12.1.jar:/Users/psakth136/.m2/repository/com/amazonaws/aws-java-sdk-storagegateway/1.12.1/aws-java-sdk-storagegateway-1.12.1.jar:/Users/psakth136/.m2/repository/com/amazonaws/aws-java-sdk-route53/1.12.1/aws-java-sdk-route53-1.12.1.jar:/Users/psakth136/.m2/repository/com/amazonaws/aws-java-sdk-s3/1.12.1/aws-java-sdk-s3-1.12.1.jar:/Users/psakth136/.m2/repository/com/amazonaws/aws-java-sdk-importexport/1.12.1/aws-java-sdk-importexport-1.12.1.jar:/Users/psakth136/.m2/repository/com/amazonaws/aws-java-sdk-sts/1.12.1/aws-java-sdk-sts-1.12.1.jar:/Users/psakth136/.m2/repository/com/amazonaws/aws-java-sdk-sqs/1.12.1/aws-java-sdk-sqs-1.12.1.jar:/Users/psakth136/.m2/repository/com/amazonaws/aws-java-sdk-rds/1.12.1/aws-java-sdk-rds-1.12.1.jar:/Users/psakth136/.m2/repository/com/amazonaws/aws-java-sdk-redshift/1.12.1/aws-java-sdk-redshift-1.12.1.jar:/Users/psakth136/.m2/repository/com/amazonaws/aws-java-sdk-elasticbeanstalk/1.12.1/aws-java-sdk-elasticbeanstalk-1.12.1.jar:/Users/psakth136/.m2/repository/com/amazonaws/aws-java-sdk-glacier/1.12.1/aws-java-sdk-glacier-1.12.1.jar:/Users/psakth136/.m2/repository/com/amazonaws/aws-java-sdk-iam/1.12.1/aws-java-sdk-iam-1.12.1.jar:/Users/psakth136/.m2/repository/com/amazonaws/aws-java-sdk-datapipeline/1.12.1/aws-java-sdk-datapipeline-1.12.1.jar:/Users/psakth136/.m2/repository/com/amazonaws/aws-java-sdk-elasticloadbalancing/1.12.1/aws-java-sdk-elasticloadbalancing-1.12.1.jar:/Users/psakth136/.m2/repository/com/amazonaws/aws-java-sdk-elasticloadbalancingv2/1.12.1/aws-java-sdk-elasticloadbalancingv2-1.12.1.jar:/Users/psakth136/.m2/repository/com/amazonaws/aws-java-sdk-emr/1.12.1/aws-java-sdk-emr-1.12.1.jar:/Users/psakth136/.m2/repository/com/amazonaws/aws-java-sdk-elasticache/1.12.1/aws-java-sdk-elasticache-1.12.1.jar:/Users/psakth136/.m2/repository/com/amazonaws/aws-java-sdk-elastictranscoder/1.12.1/aws-java-sdk-elastictranscoder-1.12.1.jar:/Users/psakth136/.m2/repository/com/amazonaws/aws-java-sdk-ec2/1.12.1/aws-java-sdk-ec2-1.12.1.jar:/Users/psakth136/.m2/repository/com/amazonaws/aws-java-sdk-dynamodb/1.12.1/aws-java-sdk-dynamodb-1.12.1.jar:/Users/psakth136/.m2/repository/com/amazonaws/aws-java-sdk-sns/1.12.1/aws-java-sdk-sns-1.12.1.jar:/Users/psakth136/.m2/repository/com/amazonaws/aws-java-sdk-budgets/1.12.1/aws-java-sdk-budgets-1.12.1.jar:/Users/psakth136/.m2/repository/com/amazonaws/aws-java-sdk-cloudtrail/1.12.1/aws-java-sdk-cloudtrail-1.12.1.jar:/Users/psakth136/.m2/repository/com/amazonaws/aws-java-sdk-cloudwatch/1.12.1/aws-java-sdk-cloudwatch-1.12.1.jar:/Users/psakth136/.m2/repository/com/amazonaws/aws-java-sdk-logs/1.12.1/aws-java-sdk-logs-1.12.1.jar:/Users/psakth136/.m2/repository/com/amazonaws/aws-java-sdk-events/1.12.1/aws-java-sdk-events-1.12.1.jar:/Users/psakth136/.m2/repository/com/amazonaws/aws-java-sdk-cognitoidentity/1.12.1/aws-java-sdk-cognitoidentity-1.12.1.jar:/Users/psakth136/.m2/repository/com/amazonaws/aws-java-sdk-cognitosync/1.12.1/aws-java-sdk-cognitosync-1.12.1.jar:/Users/psakth136/.m2/repository/com/amazonaws/aws-java-sdk-directconnect/1.12.1/aws-java-sdk-directconnect-1.12.1.jar:/Users/psakth136/.m2/repository/com/amazonaws/aws-java-sdk-cloudformation/1.12.1/aws-java-sdk-cloudformation-1.12.1.jar:/Users/psakth136/.m2/repository/com/amazonaws/aws-java-sdk-cloudfront/1.12.1/aws-java-sdk-cloudfront-1.12.1.jar:/Users/psakth136/.m2/repository/com/amazonaws/aws-java-sdk-clouddirectory/1.12.1/aws-java-sdk-clouddirectory-1.12.1.jar:/Users/psakth136/.m2/repository/com/amazonaws/aws-java-sdk-kinesis/1.12.1/aws-java-sdk-kinesis-1.12.1.jar:/Users/psakth136/.m2/repository/com/amazonaws/aws-java-sdk-opsworks/1.12.1/aws-java-sdk-opsworks-1.12.1.jar:/Users/psakth136/.m2/repository/com/amazonaws/aws-java-sdk-ses/1.12.1/aws-java-sdk-ses-1.12.1.jar:/Users/psakth136/.m2/repository/com/amazonaws/aws-java-sdk-autoscaling/1.12.1/aws-java-sdk-autoscaling-1.12.1.jar:/Users/psakth136/.m2/repository/com/amazonaws/aws-java-sdk-cloudsearch/1.12.1/aws-java-sdk-cloudsearch-1.12.1.jar:/Users/psakth136/.m2/repository/com/amazonaws/aws-java-sdk-cloudwatchmetrics/1.12.1/aws-java-sdk-cloudwatchmetrics-1.12.1.jar:/Users/psakth136/.m2/repository/com/amazonaws/aws-java-sdk-codedeploy/1.12.1/aws-java-sdk-codedeploy-1.12.1.jar:/Users/psakth136/.m2/repository/com/amazonaws/aws-java-sdk-codepipeline/1.12.1/aws-java-sdk-codepipeline-1.12.1.jar:/Users/psakth136/.m2/repository/com/amazonaws/aws-java-sdk-kms/1.12.1/aws-java-sdk-kms-1.12.1.jar:/Users/psakth136/.m2/repository/com/amazonaws/aws-java-sdk-config/1.12.1/aws-java-sdk-config-1.12.1.jar:/Users/psakth136/.m2/repository/com/amazonaws/aws-java-sdk-lambda/1.12.1/aws-java-sdk-lambda-1.12.1.jar:/Users/psakth136/.m2/repository/com/amazonaws/aws-java-sdk-ecs/1.12.1/aws-java-sdk-ecs-1.12.1.jar:/Users/psakth136/.m2/repository/com/amazonaws/aws-java-sdk-ecr/1.12.1/aws-java-sdk-ecr-1.12.1.jar:/Users/psakth136/.m2/repository/com/amazonaws/aws-java-sdk-cloudhsm/1.12.1/aws-java-sdk-cloudhsm-1.12.1.jar:/Users/psakth136/.m2/repository/com/amazonaws/aws-java-sdk-ssm/1.12.1/aws-java-sdk-ssm-1.12.1.jar:/Users/psakth136/.m2/repository/com/amazonaws/aws-java-sdk-workspaces/1.12.1/aws-java-sdk-workspaces-1.12.1.jar:/Users/psakth136/.m2/repository/com/amazonaws/aws-java-sdk-machinelearning/1.12.1/aws-java-sdk-machinelearning-1.12.1.jar:/Users/psakth136/.m2/repository/com/amazonaws/aws-java-sdk-directory/1.12.1/aws-java-sdk-directory-1.12.1.jar:/Users/psakth136/.m2/repository/com/amazonaws/aws-java-sdk-efs/1.12.1/aws-java-sdk-efs-1.12.1.jar:/Users/psakth136/.m2/repository/com/amazonaws/aws-java-sdk-codecommit/1.12.1/aws-java-sdk-codecommit-1.12.1.jar:/Users/psakth136/.m2/repository/com/amazonaws/aws-java-sdk-devicefarm/1.12.1/aws-java-sdk-devicefarm-1.12.1.jar:/Users/psakth136/.m2/repository/com/amazonaws/aws-java-sdk-elasticsearch/1.12.1/aws-java-sdk-elasticsearch-1.12.1.jar:/Users/psakth136/.m2/repository/com/amazonaws/aws-java-sdk-waf/1.12.1/aws-java-sdk-waf-1.12.1.jar:/Users/psakth136/.m2/repository/com/amazonaws/aws-java-sdk-marketplacecommerceanalytics/1.12.1/aws-java-sdk-marketplacecommerceanalytics-1.12.1.jar:/Users/psakth136/.m2/repository/com/amazonaws/aws-java-sdk-inspector/1.12.1/aws-java-sdk-inspector-1.12.1.jar:/Users/psakth136/.m2/repository/com/amazonaws/aws-java-sdk-iot/1.12.1/aws-java-sdk-iot-1.12.1.jar:/Users/psakth136/.m2/repository/com/amazonaws/aws-java-sdk-api-gateway/1.12.1/aws-java-sdk-api-gateway-1.12.1.jar:/Users/psakth136/.m2/repository/com/amazonaws/aws-java-sdk-acm/1.12.1/aws-java-sdk-acm-1.12.1.jar:/Users/psakth136/.m2/repository/com/amazonaws/aws-java-sdk-gamelift/1.12.1/aws-java-sdk-gamelift-1.12.1.jar:/Users/psakth136/.m2/repository/com/amazonaws/aws-java-sdk-dms/1.12.1/aws-java-sdk-dms-1.12.1.jar:/Users/psakth136/.m2/repository/com/amazonaws/aws-java-sdk-marketplacemeteringservice/1.12.1/aws-java-sdk-marketplacemeteringservice-1.12.1.jar:/Users/psakth136/.m2/repository/com/amazonaws/aws-java-sdk-cognitoidp/1.12.1/aws-java-sdk-cognitoidp-1.12.1.jar:/Users/psakth136/.m2/repository/com/amazonaws/aws-java-sdk-discovery/1.12.1/aws-java-sdk-discovery-1.12.1.jar:/Users/psakth136/.m2/repository/com/amazonaws/aws-java-sdk-applicationautoscaling/1.12.1/aws-java-sdk-applicationautoscaling-1.12.1.jar:/Users/psakth136/.m2/repository/com/amazonaws/aws-java-sdk-snowball/1.12.1/aws-java-sdk-snowball-1.12.1.jar:/Users/psakth136/.m2/repository/com/amazonaws/aws-java-sdk-rekognition/1.12.1/aws-java-sdk-rekognition-1.12.1.jar:/Users/psakth136/.m2/repository/com/amazonaws/aws-java-sdk-polly/1.12.1/aws-java-sdk-polly-1.12.1.jar:/Users/psakth136/.m2/repository/com/amazonaws/aws-java-sdk-lightsail/1.12.1/aws-java-sdk-lightsail-1.12.1.jar:/Users/psakth136/.m2/repository/com/amazonaws/aws-java-sdk-stepfunctions/1.12.1/aws-java-sdk-stepfunctions-1.12.1.jar:/Users/psakth136/.m2/repository/com/amazonaws/aws-java-sdk-health/1.12.1/aws-java-sdk-health-1.12.1.jar:/Users/psakth136/.m2/repository/com/amazonaws/aws-java-sdk-costandusagereport/1.12.1/aws-java-sdk-costandusagereport-1.12.1.jar:/Users/psakth136/.m2/repository/com/amazonaws/aws-java-sdk-codebuild/1.12.1/aws-java-sdk-codebuild-1.12.1.jar:/Users/psakth136/.m2/repository/com/amazonaws/aws-java-sdk-appstream/1.12.1/aws-java-sdk-appstream-1.12.1.jar:/Users/psakth136/.m2/repository/com/amazonaws/aws-java-sdk-shield/1.12.1/aws-java-sdk-shield-1.12.1.jar:/Users/psakth136/.m2/repository/com/amazonaws/aws-java-sdk-batch/1.12.1/aws-java-sdk-batch-1.12.1.jar:/Users/psakth136/.m2/repository/com/amazonaws/aws-java-sdk-lex/1.12.1/aws-java-sdk-lex-1.12.1.jar:/Users/psakth136/.m2/repository/com/amazonaws/aws-java-sdk-mechanicalturkrequester/1.12.1/aws-java-sdk-mechanicalturkrequester-1.12.1.jar:/Users/psakth136/.m2/repository/com/amazonaws/aws-java-sdk-organizations/1.12.1/aws-java-sdk-organizations-1.12.1.jar:/Users/psakth136/.m2/repository/com/amazonaws/aws-java-sdk-workdocs/1.12.1/aws-java-sdk-workdocs-1.12.1.jar:/Users/psakth136/.m2/repository/com/amazonaws/aws-java-sdk-models/1.12.1/aws-java-sdk-models-1.12.1.jar:/Users/psakth136/.m2/repository/com/amazonaws/aws-java-sdk-swf-libraries/1.11.22/aws-java-sdk-swf-libraries-1.11.22.jar:/Users/psakth136/.m2/repository/software/amazon/awssdk/regions/2.21.6/regions-2.21.6.jar:/Users/psakth136/.m2/repository/software/amazon/awssdk/annotations/2.21.11/annotations-2.21.11.jar:/Users/psakth136/.m2/repository/software/amazon/awssdk/utils/2.21.11/utils-2.21.11.jar:/Users/psakth136/.m2/repository/software/amazon/awssdk/sdk-core/2.21.11/sdk-core-2.21.11.jar:/Users/psakth136/.m2/repository/software/amazon/awssdk/checksums-spi/2.21.11/checksums-spi-2.21.11.jar:/Users/psakth136/.m2/repository/software/amazon/awssdk/checksums/2.21.11/checksums-2.21.11.jar:/Users/psakth136/.m2/repository/software/amazon/awssdk/profiles/2.21.11/profiles-2.21.11.jar:/Users/psakth136/.m2/repository/software/amazon/awssdk/json-utils/2.21.11/json-utils-2.21.11.jar:/Users/psakth136/.m2/repository/software/amazon/awssdk/third-party-jackson-core/2.21.11/third-party-jackson-core-2.21.11.jar:/Users/psakth136/.m2/repository/com/amazonaws/secretsmanager/aws-secretsmanager-caching-java/1.0.2/aws-secretsmanager-caching-java-1.0.2.jar:/Users/psakth136/.m2/repository/com/amazonaws/aws-java-sdk-core/1.12.576/aws-java-sdk-core-1.12.576.jar:/Users/psakth136/.m2/repository/commons-logging/commons-logging/1.1.3/commons-logging-1.1.3.jar:/Users/psakth136/.m2/repository/software/amazon/ion/ion-java/1.0.2/ion-java-1.0.2.jar:/Users/psakth136/.m2/repository/com/fasterxml/jackson/dataformat/jackson-dataformat-cbor/2.12.6/jackson-dataformat-cbor-2.12.6.jar:/Users/psakth136/.m2/repository/joda-time/joda-time/2.8.1/joda-time-2.8.1.jar:/Users/psakth136/.m2/repository/software/amazon/awssdk/sts/2.21.10/sts-2.21.10.jar:/Users/psakth136/.m2/repository/software/amazon/awssdk/aws-query-protocol/2.21.11/aws-query-protocol-2.21.11.jar:/Users/psakth136/.m2/repository/software/amazon/awssdk/protocol-core/2.21.11/protocol-core-2.21.11.jar:/Users/psakth136/.m2/repository/software/amazon/awssdk/http-auth-aws/2.21.11/http-auth-aws-2.21.11.jar:/Users/psakth136/.m2/repository/software/amazon/awssdk/auth/2.21.11/auth-2.21.11.jar:/Users/psakth136/.m2/repository/software/amazon/eventstream/eventstream/1.0.1/eventstream-1.0.1.jar:/Users/psakth136/.m2/repository/software/amazon/awssdk/http-auth-spi/2.21.11/http-auth-spi-2.21.11.jar:/Users/psakth136/.m2/repository/software/amazon/awssdk/http-auth/2.21.11/http-auth-2.21.11.jar:/Users/psakth136/.m2/repository/software/amazon/awssdk/identity-spi/2.21.11/identity-spi-2.21.11.jar:/Users/psakth136/.m2/repository/software/amazon/awssdk/http-client-spi/2.21.11/http-client-spi-2.21.11.jar:/Users/psakth136/.m2/repository/software/amazon/awssdk/aws-core/2.21.11/aws-core-2.21.11.jar:/Users/psakth136/.m2/repository/software/amazon/awssdk/metrics-spi/2.21.11/metrics-spi-2.21.11.jar:/Users/psakth136/.m2/repository/software/amazon/awssdk/endpoints-spi/2.21.10/endpoints-spi-2.21.10.jar:/Users/psakth136/.m2/repository/software/amazon/awssdk/apache-client/2.21.11/apache-client-2.21.11.jar:/Users/psakth136/.m2/repository/software/amazon/awssdk/netty-nio-client/2.21.11/netty-nio-client-2.21.11.jar:/Users/psakth136/.m2/repository/io/netty/netty-codec-http2/4.1.100.Final/netty-codec-http2-4.1.100.Final.jar:/Users/psakth136/.m2/repository/io/netty/netty-codec/4.1.100.Final/netty-codec-4.1.100.Final.jar:/Users/psakth136/.m2/repository/io/netty/netty-resolver/4.1.100.Final/netty-resolver-4.1.100.Final.jar:" />
		<property name="sun.cpu.endian" value="little" />
		<property name="user.home" value="/Users/psakth136" />
		<property name="user.language" value="en" />
		<property name="java.specification.vendor"
			value="Oracle Corporation" />
		<property name="java.version.date" value="2023-10-17" />
		<property name="java.home"
			value="/opt/homebrew/Cellar/openjdk/21.0.1/libexec/openjdk.jdk/Contents/Home" />
		<property name="file.separator" value="/" />
		<property name="basedir"
			value="/Users/psakth136/Documents/Selenium/Amazon_Automation_CI" />
		<property name="java.vm.compressedOopsMode"
			value="Zero based" />
		<property name="line.separator" value="&#10;" />
		<property name="java.vm.specification.vendor"
			value="Oracle Corporation" />
		<property name="java.specification.name"
			value="Java Platform API Specification" />
		<property name="apple.awt.application.name"
			value="ForkedBooter" />
		<property name="surefire.real.class.path"
			value="/Users/psakth136/Documents/Selenium/Amazon_Automation_CI/target/surefire/surefirebooter5738976674702714505.jar" />
		<property name="sun.management.compiler"
			value="HotSpot 64-Bit Tiered Compilers" />
		<property name="ftp.nonProxyHosts"
			value="local|*.local|169.254/16|*.169.254/16" />
		<property name="java.runtime.version" value="21.0.1" />
		<property name="user.name" value="psakth136" />
		<property name="stdout.encoding" value="UTF-8" />
		<property name="path.separator" value=":" />
		<property name="os.version" value="14.1.1" />
		<property name="java.runtime.name"
			value="OpenJDK Runtime Environment" />
		<property name="file.encoding" value="UTF-8" />
		<property name="java.vm.name"
			value="OpenJDK 64-Bit Server VM" />
		<property name="java.vendor.version" value="Homebrew" />
		<property name="localRepository"
			value="/Users/psakth136/.m2/repository" />
		<property name="java.vendor.url.bug"
			value="https://github.com/Homebrew/homebrew-core/issues" />
		<property name="java.io.tmpdir"
			value="/var/folders/0d/3gk_hz6s3nzcknztjfl0jgx00000gp/T/" />
		<property name="java.version" value="21.0.1" />
		<property name="user.dir"
			value="/Users/psakth136/Documents/Selenium/Amazon_Automation_CI" />
		<property name="os.arch" value="aarch64" />
		<property name="java.vm.specification.name"
			value="Java Virtual Machine Specification" />
		<property name="native.encoding" value="UTF-8" />
		<property name="java.library.path"
			value="/Users/psakth136/Library/Java/Extensions:/Library/Java/Extensions:/Network/Library/Java/Extensions:/System/Library/Java/Extensions:/usr/lib/java:." />
		<property name="java.vm.info" value="mixed mode, sharing" />
		<property name="stderr.encoding" value="UTF-8" />
		<property name="java.vendor" value="Homebrew" />
		<property name="java.vm.version" value="21.0.1" />
		<property name="SuiteXmlFile"
			value="src/test/resources/SuiteXML/sanity/DEV/DEV_MOCK_API.xml" />
		<property name="sun.io.unicode.encoding" value="UnicodeBig" />
		<property name="socksNonProxyHosts"
			value="local|*.local|169.254/16|*.169.254/16" />
		<property name="java.class.version" value="65.0" />
	</properties>
	<testcase name="getDeviceStatusById"
		classname="com.mock.api.test.GetDeviceStatusByIdTest" time="1.036">
		<system-out><![CDATA[BaseTest Null Constructor
*********************** Test Utilities Null Constructor **********************
*** Inside new Reader ***
*** Inside DataProvider : Fetching Data From CSV and Stored the Values in Map***
BaseTest Null Constructor
*********************** Test Utilities Null Constructor **********************
Input: src/test/resources/dataProviders/sanity/DEV/
Input Name: sanity_GetDeviceStatusByIdTest.xlsx
Output: target/test-output/ExecutionResult/sanity/DEV_20231123170051/
FileName BaseTest: sanity_GetDeviceStatusByIdTest.xlsx
*** CSV File Name:  sanity_GetDeviceStatusByIdTest ***
*** File Path: src/test/resources/dataProviders/sanity/DEV/sanity_GetDeviceStatusByIdTest.xlsx ***
Column List:[browser] and size:1
Column List:[browser, testscenarioName] and size:2
Column List:[browser, testscenarioName, X-Secure-Key] and size:3
Column List:[browser, testscenarioName, X-Secure-Key, networkId] and size:4
Column List:[browser, testscenarioName, X-Secure-Key, networkId, expectedStatusCode] and size:5
Column List:[browser, testscenarioName, X-Secure-Key, networkId, expectedStatusCode, expectedResult] and size:6
i value:1
Cell Value:Validate GET Device Status Successful 200 Response
Cell Value:d066681a-ac83-4e80-b005-8fd7b2ed5c74
Cell Value:C_7774338
Cell Value:200
Cell Value:{"message":"This is a mocked response",
    "nodes": [
        {
            "name": "Device1",
            "status": "Online",
            "reportedTime": "1700448255"
        },
        {
            "name": "Device2",
            "status": "Offline",
            "reportedTime": "1700448255"
        }
    ],
    "errors": []
}
columnNameList size:6
Map populated succesfully
listObj size:1
i value:2
Cell Value:Validate GET Device Status 200 Response with a different actual result
Cell Value:d066681a-ac83-4e80-b005-8fd7b2ed5c74
Cell Value:C_7774338
Cell Value:200
Cell Value:{
    "Message": "This is a mocked response",
    "codeId": 100,
    "status": "Success"
}
columnNameList size:6
Map populated succesfully
listObj size:2
BaseTest Null Constructor
*********************** Test Utilities Null Constructor **********************
BaseTest Null Constructor
*********************** Test Utilities Null Constructor **********************
 *********************** Base Class BeforeSuite **********************
Base Class 
Extent Report: com.aventstack.extentreports.reporter.ExtentSparkReporter@4c03a37
Inside AddColumnHeader:
Added Column Header
 *********************** Test Utilities BeforeSuite **********************
 *********************** Base Class Before Class **********************
**** Suite Name ****MockAPI
**** Test Tag Name ****MockAPI_Test
**** className ****GetDeviceStatusByIdTest
Base Path: /api/v1/networks/C_7774338/deviceStatus
Request method:	GET
Request URI:	https://3c64db3a-7a4c-4f94-af7a-477a2bdcb008.mock.pstmn.io/api/v1/networks/C_7774338/deviceStatus
Proxy:			<none>
Request params:	<none>
Query params:	<none>
Form params:	<none>
Path params:	<none>
Headers:		X-Secure-Key=d066681a-ac83-4e80-b005-8fd7b2ed5c74
				accept=*/*
Cookies:		<none>
Multiparts:		<none>
Body:			<none>
BaseTest Null Constructor
GetDeviceStstusByID JsonAssert Success
]]></system-out>
	</testcase>
	<testcase name="getDeviceStatusById"
		classname="com.mock.api.test.GetDeviceStatusByIdTest" time="0.32">
		<failure message="expected [false] but found [true]"
			type="java.lang.AssertionError"><![CDATA[java.lang.AssertionError: expected [false] but found [true]
	at com.mock.api.test.GetDeviceStatusByIdTest.getDeviceStatusById(GetDeviceStatusByIdTest.java:63)
]]></failure>
		<system-out><![CDATA[ *********************** Base Class AfterMethod **********************
Message inside after method: @TestResult

 MethodName:getDeviceStatusById	 Result:Pass
 *********************** Base Class Afterclass **********************
Base After class filename: sanity_GetDeviceStatusByIdTest.xlsx
Base After class result filename: sanity_GetDeviceStatusByIdTestResult.xlsx
Result Map: {Validate GET Device Status Successful 200 Response=[Ljava.lang.String;@63485d7, testscenarioName=[Ljava.lang.String;@23ea8830}
Size of the map inside after class:2 Number of Input Rows with heading:3
 *********************** Base Class Before Class **********************
**** Suite Name ****MockAPI
**** Test Tag Name ****MockAPI_Test
**** className ****GetDeviceStatusByIdTest
Base Path: /api/v1/networks/C_7774338/deviceStatus
Request method:	GET
Request URI:	https://3c64db3a-7a4c-4f94-af7a-477a2bdcb008.mock.pstmn.io/api/v1/networks/C_7774338/deviceStatus
Proxy:			<none>
Request params:	<none>
Query params:	<none>
Form params:	<none>
Path params:	<none>
Headers:		X-Secure-Key=d066681a-ac83-4e80-b005-8fd7b2ed5c74
				accept=*/*
Cookies:		<none>
Multiparts:		<none>
Body:			<none>
BaseTest Null Constructor
Assertion error caught
]]></system-out>
	</testcase>
</testsuite>