<?xml version="1.0" encoding="UTF-8"?>
<!-- Generated by org.testng.reporters.JUnitReportReporter -->
<testsuite hostname="CHQS-ynRfy9lYTl" failures="0" tests="2"
	name="com.amazon.lower.env.user.regression.AmazonLoginTest"
	time="12.195" errors="0" timestamp="2023-09-19T15:11:09 EDT"
	skipped="0">
	<testcase
		classname="com.amazon.lower.env.user.regression.AmazonLoginTest"
		name="loginInternalUser" time="9.479" />
	<system-out />
	<testcase
		classname="com.amazon.lower.env.user.regression.AmazonLoginTest"
		name="logoutUser" time="2.716" />
	<system-out />
</testsuite> <!-- com.amazon.lower.env.user.regression.AmazonLoginTest -->
