<?xml version="1.0" encoding="UTF-8"?>
<!-- Generated by org.testng.reporters.JUnitReportReporter -->
<testsuite hostname="HQSML-K200525" failures="0" tests="6" name="com.amazon.user.regression.AmazonLoginTest" time="84.253" errors="0" timestamp="2023-11-23T20:40:56 EST" skipped="0">
  <testcase classname="com.amazon.user.regression.AmazonLoginTest" name="loginUser" time="37.391"/>
  <testcase classname="com.amazon.user.regression.AmazonLoginTest" name="loginUser" time="0.023"/>
  <testcase classname="com.amazon.user.regression.AmazonLoginTest" name="loginUser" time="30.181"/>
  <testcase classname="com.amazon.user.regression.AmazonLoginTest" name="logoutUser" time="0.002"/>
  <testcase classname="com.amazon.user.regression.AmazonLoginTest" name="logoutUser" time="9.503"/>
  <testcase classname="com.amazon.user.regression.AmazonLoginTest" name="logoutUser" time="7.153"/>
</testsuite> <!-- com.amazon.user.regression.AmazonLoginTest -->
