<?xml version="1.0" encoding="UTF-8"?>
<!-- Generated by org.testng.reporters.JUnitReportReporter -->
<testsuite hostname="DESKTOP-R074SIO" failures="0" tests="2"
	name="com.amazon.lower.env.user.regression.AmazonLoginTest"
	time="10.345" errors="0" timestamp="2023-09-14T21:42:43 EDT"
	skipped="0">
	<testcase
		classname="com.amazon.lower.env.user.regression.AmazonLoginTest"
		name="loginInternalUser" time="8.592" />
	<system-out />
	<testcase
		classname="com.amazon.lower.env.user.regression.AmazonLoginTest"
		name="logoutUser" time="1.753" />
	<system-out />
</testsuite> <!-- com.amazon.lower.env.user.regression.AmazonLoginTest -->
